2023-11-23 13:22:05,965 [INFO] Activator:176 - 


2023-11-23 13:22:05,971 [INFO] Activator:177 - !SESSION log4j initialized
2023-11-23 13:22:08,515 [INFO] LogOutputStream:77 - [STDOUT_REDIRECT] 
2023-11-23 13:22:10,171 [INFO] ApplicationProperties:184 - Using Application install path: C:\ST\STM32CubeIDE_1.13.2\STM32CubeIDE\plugins\com.st.stm32cube.common.mx_6.9.2.202309101412
2023-11-23 13:22:10,189 [INFO] DbMcusXml:78 - Set database path to: C:\ST\STM32CubeIDE_1.13.2\STM32CubeIDE\plugins\com.st.stm32cube.common.mx_6.9.2.202309101412\\db\/mcu/
2023-11-23 13:22:10,189 [INFO] ApiDb:274 - Set plugin database path to: C:\ST\STM32CubeIDE_1.13.2\STM32CubeIDE\plugins\com.st.stm32cube.common.mx_6.9.2.202309101412\\db\/plugins/boardmanager/
2023-11-23 13:22:10,190 [WARN] ApiDb:259 - Overriding images path with different value:  => C:\ST\STM32CubeIDE_1.13.2\STM32CubeIDE\plugins\com.st.stm32cube.common.mx_6.9.2.202309101412\\db\/plugins/mcufinder/images/
2023-11-23 13:22:10,200 [INFO] ApiDb:250 - Set database path to: C:\Users\Natalya\.stmcufinder\plugins\mcufinder//mcu/
2023-11-23 13:22:10,202 [INFO] DbMcusAds:125 - Set database path to: C:\Users\Natalya\.stmcufinder\plugins\mcufinder//mcu/
2023-11-23 13:22:10,204 [INFO] CrossReferenceDbSqlite:203 - Set database path to: C:\Users\Natalya\.stmcufinder\plugins\mcufinder//mcu/cs/
2023-11-23 13:22:10,335 [INFO] RulesReader:64 - Compatibility file has been processed (293 Rules)
2023-11-23 13:22:10,416 [INFO] DbMcusXml:78 - Set database path to: C:\ST\STM32CubeIDE_1.13.2\STM32CubeIDE\plugins\com.st.stm32cube.common.mx_6.9.2.202309101412\\db\/mcu/
2023-11-23 13:22:10,417 [INFO] ApiDb:274 - Set plugin database path to: C:\ST\STM32CubeIDE_1.13.2\STM32CubeIDE\plugins\com.st.stm32cube.common.mx_6.9.2.202309101412\\db\/plugins/boardmanager/
2023-11-23 13:22:10,417 [INFO] ApiDb:261 - Set plugin images path to: C:\ST\STM32CubeIDE_1.13.2\STM32CubeIDE\plugins\com.st.stm32cube.common.mx_6.9.2.202309101412\\db\/plugins/mcufinder/images/
2023-11-23 13:22:10,417 [WARN] DbFile:41 - Overriding database path with different value: C:\Users\Natalya\.stmcufinder\plugins\mcufinder/ => C:\Users\Natalya\.stmcufinder\plugins\mcufinder
2023-11-23 13:22:10,417 [INFO] ApiDb:250 - Set database path to: C:\Users\Natalya\.stmcufinder\plugins\mcufinder//mcu/
2023-11-23 13:22:10,417 [WARN] DbFile:41 - Overriding database path with different value: C:\Users\Natalya\.stmcufinder\plugins\mcufinder/ => C:\Users\Natalya\.stmcufinder\plugins\mcufinder
2023-11-23 13:22:10,417 [INFO] DbMcusAds:125 - Set database path to: C:\Users\Natalya\.stmcufinder\plugins\mcufinder//mcu/
2023-11-23 13:22:10,418 [WARN] DbFile:41 - Overriding database path with different value: C:\Users\Natalya\.stmcufinder\plugins\mcufinder/ => C:\Users\Natalya\.stmcufinder\plugins\mcufinder
2023-11-23 13:22:10,418 [WARN] DbFile:41 - Overriding database path with different value: C:\Users\Natalya\.stmcufinder\plugins\mcufinder/ => C:\Users\Natalya\.stmcufinder\plugins\mcufinder
2023-11-23 13:22:10,418 [INFO] CrossReferenceDbSqlite:203 - Set database path to: C:\Users\Natalya\.stmcufinder\plugins\mcufinder//mcu/cs/
2023-11-23 13:22:10,496 [INFO] MainPanel:262 - HeapMemory: 268435456
2023-11-23 13:22:10,578 [INFO] DbMcusXml:78 - Set database path to: C:\ST\STM32CubeIDE_1.13.2\STM32CubeIDE\plugins\com.st.stm32cube.common.mx_6.9.2.202309101412\\db\/mcu/
2023-11-23 13:22:10,578 [INFO] ApiDb:274 - Set plugin database path to: C:\ST\STM32CubeIDE_1.13.2\STM32CubeIDE\plugins\com.st.stm32cube.common.mx_6.9.2.202309101412\\db\/plugins/boardmanager/
2023-11-23 13:22:10,578 [INFO] ApiDb:261 - Set plugin images path to: C:\ST\STM32CubeIDE_1.13.2\STM32CubeIDE\plugins\com.st.stm32cube.common.mx_6.9.2.202309101412\\db\/plugins/mcufinder/images/
2023-11-23 13:22:10,578 [WARN] DbFile:41 - Overriding database path with different value: C:\Users\Natalya\.stmcufinder\plugins\mcufinder/ => C:\Users\Natalya\.stmcufinder\plugins\mcufinder
2023-11-23 13:22:10,579 [INFO] ApiDb:250 - Set database path to: C:\Users\Natalya\.stmcufinder\plugins\mcufinder//mcu/
2023-11-23 13:22:10,579 [WARN] DbFile:41 - Overriding database path with different value: C:\Users\Natalya\.stmcufinder\plugins\mcufinder/ => C:\Users\Natalya\.stmcufinder\plugins\mcufinder
2023-11-23 13:22:10,579 [INFO] DbMcusAds:125 - Set database path to: C:\Users\Natalya\.stmcufinder\plugins\mcufinder//mcu/
2023-11-23 13:22:10,579 [WARN] DbFile:41 - Overriding database path with different value: C:\Users\Natalya\.stmcufinder\plugins\mcufinder/ => C:\Users\Natalya\.stmcufinder\plugins\mcufinder
2023-11-23 13:22:10,579 [WARN] DbFile:41 - Overriding database path with different value: C:\Users\Natalya\.stmcufinder\plugins\mcufinder/ => C:\Users\Natalya\.stmcufinder\plugins\mcufinder
2023-11-23 13:22:10,579 [INFO] CrossReferenceDbSqlite:203 - Set database path to: C:\Users\Natalya\.stmcufinder\plugins\mcufinder//mcu/cs/
2023-11-23 13:22:10,598 [INFO] ApplicationProperties:184 - Using Application install path: C:\ST\STM32CubeIDE_1.13.2\STM32CubeIDE\plugins\com.st.stm32cube.common.mx_6.9.2.202309101412
2023-11-23 13:22:10,600 [INFO] PluginManage:196 - Search for loadable plugins [exclusion list=, ]
2023-11-23 13:22:10,601 [INFO] PluginManage:310 - Check plugin analytics
2023-11-23 13:22:10,788 [INFO] AnalyticsPlugin:253 - Accepted Software Licenses: 
2023-11-23 13:22:10,789 [INFO] AnalyticsPlugin:255 - Accepted CMSIS Pack Licenses: 
2023-11-23 13:22:10,789 [INFO] AnalyticsPlugin:257 - Accepted Firmware Licenses: FW.F4.1.27.0
2023-11-23 13:22:10,792 [INFO] PluginManage:359 - Loaded plugin analytics (category:tool,tabindex:-1)
2023-11-23 13:22:10,793 [INFO] PluginManage:310 - Check plugin cadmodel
2023-11-23 13:22:10,797 [INFO] CADModel:105 - Init CAD model plugin
2023-11-23 13:22:10,797 [INFO] PluginManage:359 - Loaded plugin cadmodel (category:power,tabindex:5)
2023-11-23 13:22:10,797 [INFO] PluginManage:310 - Check plugin clock
2023-11-23 13:22:10,808 [INFO] PluginManage:359 - Loaded plugin clock (category:base,tabindex:2)
2023-11-23 13:22:10,808 [INFO] PluginManage:310 - Check plugin ddr
2023-11-23 13:22:10,811 [INFO] PluginManage:359 - Loaded plugin ddr (category:tool,tabindex:6)
2023-11-23 13:22:10,811 [INFO] PluginManage:310 - Check plugin filemanager
2023-11-23 13:22:10,957 [INFO] PluginManage:359 - Loaded plugin filemanager (category:base,tabindex:10)
2023-11-23 13:22:10,958 [INFO] PluginManage:310 - Check plugin ipmanager
2023-11-23 13:22:10,966 [INFO] PluginManage:359 - Loaded plugin ipmanager (category:base,tabindex:5)
2023-11-23 13:22:10,966 [INFO] PluginManage:310 - Check plugin lpbam
2023-11-23 13:22:10,975 [INFO] PluginManage:359 - Loaded plugin lpbam (category:base,tabindex:0)
2023-11-23 13:22:10,976 [INFO] PluginManage:310 - Check plugin memorymap
2023-11-23 13:22:10,989 [INFO] PluginManage:359 - Loaded plugin memorymap (category:base,tabindex:4)
2023-11-23 13:22:10,989 [INFO] PluginManage:310 - Check plugin pinoutandconfiguration
2023-11-23 13:22:10,998 [INFO] PluginManage:359 - Loaded plugin pinoutandconfiguration (category:base,tabindex:1)
2023-11-23 13:22:10,998 [INFO] PluginManage:310 - Check plugin pinoutconfig
2023-11-23 13:22:11,083 [WARN] SupportedApi:132 - Cannot load RTOS API schema: s4s-elt-must-match.1: The content of 'definitions' must match (annotation?, (simpleType | complexType)?, (unique | key | keyref)*)). A problem was found starting at: attribute.
2023-11-23 13:22:11,208 [INFO] PluginManage:359 - Loaded plugin pinoutconfig (category:base,tabindex:0)
2023-11-23 13:22:11,209 [INFO] PluginManage:310 - Check plugin power
2023-11-23 13:22:11,217 [INFO] PluginManage:359 - Loaded plugin power (category:power,tabindex:4)
2023-11-23 13:22:11,217 [INFO] PluginManage:310 - Check plugin projectmanager
2023-11-23 13:22:11,230 [INFO] PluginManage:359 - Loaded plugin projectmanager (category:projectmanager,tabindex:3)
2023-11-23 13:22:11,230 [INFO] PluginManage:310 - Check plugin thirdparty
2023-11-23 13:22:11,374 [INFO] PluginManage:359 - Loaded plugin thirdparty (category:base,tabindex:-1)
2023-11-23 13:22:11,375 [INFO] PluginManage:310 - Check plugin tools
2023-11-23 13:22:11,374 [WARN] IntegrityCheckThread:84 - waiting for thirdparty lock release [integrity check]
2023-11-23 13:22:11,375 [INFO] IntegrityCheckThread:86 - entering critical section [integrity check]
2023-11-23 13:22:11,375 [INFO] ThirdPartyUpdaterWithRetryManager:70 - Updater plugin not ready yet. [1/15]
2023-11-23 13:22:11,378 [INFO] PluginManage:359 - Loaded plugin tools (category:base,tabindex:7)
2023-11-23 13:22:11,378 [INFO] PluginManage:310 - Check plugin tutovideos
2023-11-23 13:22:11,520 [INFO] PluginManage:359 - Loaded plugin tutovideos (category:base,tabindex:-1)
2023-11-23 13:22:11,520 [INFO] PluginManage:310 - Check plugin updater
2023-11-23 13:22:11,532 [INFO] PluginManage:359 - Loaded plugin updater (category:base,tabindex:12)
2023-11-23 13:22:11,532 [INFO] PluginManage:310 - Check plugin userauth
2023-11-23 13:22:11,538 [INFO] UserAuth:113 - Init User Auth plugin
2023-11-23 13:22:11,538 [INFO] PluginManage:359 - Loaded plugin userauth (category:base,tabindex:14)
2023-11-23 13:22:11,538 [INFO] PluginManage:283 - PluginManage : Loaded plugins [17]
2023-11-23 13:22:11,732 [INFO] PinOutPanel:1499 - setPackage(No Configuration,No Configuration)
2023-11-23 13:22:11,841 [INFO] CADModel:165 - CPN selected for project level
2023-11-23 13:22:11,842 [INFO] CADModel:114 - Register for checkConnection events
2023-11-23 13:22:11,859 [INFO] IPUIPlugin:80 - create IPUIPlugin
2023-11-23 13:22:11,859 [INFO] PluginManager:220 - loadIPPluginJar : add adc
2023-11-23 13:22:11,861 [INFO] IPUIPlugin:80 - create IPUIPlugin
2023-11-23 13:22:11,861 [INFO] PluginManager:220 - loadIPPluginJar : add aes
2023-11-23 13:22:11,864 [INFO] IPUIPlugin:80 - create IPUIPlugin
2023-11-23 13:22:11,864 [INFO] PluginManager:220 - loadIPPluginJar : add can
2023-11-23 13:22:11,866 [INFO] IPUIPlugin:80 - create IPUIPlugin
2023-11-23 13:22:11,866 [INFO] PluginManager:220 - loadIPPluginJar : add comp
2023-11-23 13:22:11,869 [INFO] IPUIPlugin:80 - create IPUIPlugin
2023-11-23 13:22:11,869 [INFO] PluginManager:220 - loadIPPluginJar : add cryp
2023-11-23 13:22:11,871 [INFO] IPUIPlugin:80 - create IPUIPlugin
2023-11-23 13:22:11,871 [INFO] PluginManager:220 - loadIPPluginJar : add dfsdm
2023-11-23 13:22:11,876 [INFO] IPUIPlugin:80 - create IPUIPlugin
2023-11-23 13:22:11,876 [INFO] PluginManager:220 - loadIPPluginJar : add dma
2023-11-23 13:22:11,879 [INFO] IPUIPlugin:80 - create IPUIPlugin
2023-11-23 13:22:11,879 [INFO] PluginManager:220 - loadIPPluginJar : add dma3
2023-11-23 13:22:11,881 [INFO] IPUIPlugin:80 - create IPUIPlugin
2023-11-23 13:22:11,881 [INFO] PluginManager:220 - loadIPPluginJar : add fatfs
2023-11-23 13:22:11,885 [INFO] IPUIPlugin:80 - create IPUIPlugin
2023-11-23 13:22:11,886 [INFO] PluginManager:220 - loadIPPluginJar : add fmc
2023-11-23 13:22:11,890 [INFO] IPUIPlugin:80 - create IPUIPlugin
2023-11-23 13:22:11,890 [INFO] PluginManager:220 - loadIPPluginJar : add freertos
2023-11-23 13:22:11,891 [INFO] IPUIPlugin:80 - create IPUIPlugin
2023-11-23 13:22:11,892 [INFO] PluginManager:220 - loadIPPluginJar : add genericplugin
2023-11-23 13:22:11,894 [INFO] IPUIPlugin:80 - create IPUIPlugin
2023-11-23 13:22:11,894 [INFO] PluginManager:220 - loadIPPluginJar : add gfxmmu
2023-11-23 13:22:11,898 [INFO] IPUIPlugin:80 - create IPUIPlugin
2023-11-23 13:22:11,898 [INFO] PluginManager:220 - loadIPPluginJar : add gic
2023-11-23 13:22:11,902 [INFO] IPUIPlugin:80 - create IPUIPlugin
2023-11-23 13:22:11,902 [INFO] PluginManager:220 - loadIPPluginJar : add gpio
2023-11-23 13:22:11,904 [INFO] IPUIPlugin:80 - create IPUIPlugin
2023-11-23 13:22:11,905 [INFO] PluginManager:220 - loadIPPluginJar : add gtzc
2023-11-23 13:22:11,907 [INFO] IPUIPlugin:80 - create IPUIPlugin
2023-11-23 13:22:11,907 [INFO] PluginManager:220 - loadIPPluginJar : add hash
2023-11-23 13:22:11,909 [INFO] IPUIPlugin:80 - create IPUIPlugin
2023-11-23 13:22:11,909 [INFO] PluginManager:220 - loadIPPluginJar : add i2c
2023-11-23 13:22:11,911 [INFO] IPUIPlugin:80 - create IPUIPlugin
2023-11-23 13:22:11,911 [INFO] PluginManager:220 - loadIPPluginJar : add i2s
2023-11-23 13:22:11,913 [INFO] IPUIPlugin:80 - create IPUIPlugin
2023-11-23 13:22:11,914 [INFO] PluginManager:220 - loadIPPluginJar : add i3c
2023-11-23 13:22:11,916 [INFO] IPUIPlugin:80 - create IPUIPlugin
2023-11-23 13:22:11,917 [INFO] PluginManager:220 - loadIPPluginJar : add ipddr
2023-11-23 13:22:11,924 [INFO] IPUIPlugin:80 - create IPUIPlugin
2023-11-23 13:22:11,924 [INFO] PluginManager:220 - loadIPPluginJar : add linkedlist
2023-11-23 13:22:11,927 [INFO] IPUIPlugin:80 - create IPUIPlugin
2023-11-23 13:22:11,928 [INFO] PluginManager:220 - loadIPPluginJar : add lorawan
2023-11-23 13:22:11,929 [INFO] IPUIPlugin:80 - create IPUIPlugin
2023-11-23 13:22:11,929 [INFO] PluginManager:220 - loadIPPluginJar : add ltdc
2023-11-23 13:22:11,935 [INFO] IPUIPlugin:80 - create IPUIPlugin
2023-11-23 13:22:11,936 [INFO] PluginManager:220 - loadIPPluginJar : add mdma
2023-11-23 13:22:11,940 [INFO] IPUIPlugin:80 - create IPUIPlugin
2023-11-23 13:22:11,940 [INFO] PluginManager:220 - loadIPPluginJar : add nvic
2023-11-23 13:22:11,945 [INFO] IPUIPlugin:80 - create IPUIPlugin
2023-11-23 13:22:11,945 [INFO] PluginManager:220 - loadIPPluginJar : add opamp
2023-11-23 13:22:11,949 [INFO] IPUIPlugin:80 - create IPUIPlugin
2023-11-23 13:22:11,949 [INFO] PluginManager:220 - loadIPPluginJar : add openamp
2023-11-23 13:22:11,953 [INFO] IPUIPlugin:80 - create IPUIPlugin
2023-11-23 13:22:11,953 [INFO] PluginManager:220 - loadIPPluginJar : add pdm2pcm
2023-11-23 13:22:11,960 [INFO] IPUIPlugin:80 - create IPUIPlugin
2023-11-23 13:22:11,962 [INFO] PluginManager:220 - loadIPPluginJar : add plateformsettings
2023-11-23 13:22:11,964 [INFO] IPUIPlugin:80 - create IPUIPlugin
2023-11-23 13:22:11,964 [INFO] PluginManager:220 - loadIPPluginJar : add quadspi
2023-11-23 13:22:11,967 [INFO] IPUIPlugin:80 - create IPUIPlugin
2023-11-23 13:22:11,968 [INFO] PluginManager:220 - loadIPPluginJar : add resmgrutility
2023-11-23 13:22:11,971 [INFO] IPUIPlugin:80 - create IPUIPlugin
2023-11-23 13:22:11,971 [INFO] PluginManager:220 - loadIPPluginJar : add sai
2023-11-23 13:22:11,973 [INFO] IPUIPlugin:80 - create IPUIPlugin
2023-11-23 13:22:11,974 [INFO] PluginManager:220 - loadIPPluginJar : add spi
2023-11-23 13:22:11,978 [INFO] IPUIPlugin:80 - create IPUIPlugin
2023-11-23 13:22:11,978 [INFO] PluginManager:220 - loadIPPluginJar : add stm32_wpan
2023-11-23 13:22:11,979 [INFO] IPUIPlugin:80 - create IPUIPlugin
2023-11-23 13:22:11,980 [INFO] PluginManager:220 - loadIPPluginJar : add tim
2023-11-23 13:22:11,983 [INFO] IPUIPlugin:80 - create IPUIPlugin
2023-11-23 13:22:11,983 [INFO] PluginManager:220 - loadIPPluginJar : add touchsensing
2023-11-23 13:22:11,985 [INFO] IPUIPlugin:80 - create IPUIPlugin
2023-11-23 13:22:11,985 [INFO] PluginManager:220 - loadIPPluginJar : add tracer_emb
2023-11-23 13:22:11,986 [INFO] IPUIPlugin:80 - create IPUIPlugin
2023-11-23 13:22:11,986 [INFO] PluginManager:220 - loadIPPluginJar : add ts
2023-11-23 13:22:11,988 [INFO] IPUIPlugin:80 - create IPUIPlugin
2023-11-23 13:22:11,988 [INFO] PluginManager:220 - loadIPPluginJar : add tsc
2023-11-23 13:22:11,990 [INFO] IPUIPlugin:80 - create IPUIPlugin
2023-11-23 13:22:11,990 [INFO] PluginManager:220 - loadIPPluginJar : add ucpd
2023-11-23 13:22:11,992 [INFO] IPUIPlugin:80 - create IPUIPlugin
2023-11-23 13:22:11,992 [INFO] PluginManager:220 - loadIPPluginJar : add usart
2023-11-23 13:22:11,995 [INFO] IPUIPlugin:80 - create IPUIPlugin
2023-11-23 13:22:11,996 [INFO] PluginManager:220 - loadIPPluginJar : add usbx
2023-11-23 13:22:12,116 [INFO] CADModel:165 - CPN selected for project level
2023-11-23 13:22:12,116 [INFO] CADModel:114 - Register for checkConnection events
2023-11-23 13:22:12,117 [FATAL] Updater:308 - Updater called before beeing initialized
2023-11-23 13:22:12,117 [ERROR] CADModel:125 - Updater not yet initialized, retry later 
2023-11-23 13:22:12,236 [INFO] CADModel:165 - CPN selected for project level
2023-11-23 13:22:12,236 [INFO] CADModel:114 - Register for checkConnection events
2023-11-23 13:22:12,236 [FATAL] Updater:308 - Updater called before beeing initialized
2023-11-23 13:22:12,236 [ERROR] CADModel:125 - Updater not yet initialized, retry later 
2023-11-23 13:22:12,239 [FATAL] Updater:308 - Updater called before beeing initialized
2023-11-23 13:22:12,343 [FATAL] Updater:308 - Updater called before beeing initialized
2023-11-23 13:22:12,348 [INFO] DbMcusAds:53 - JSON generation date=Tue Mar 07 10:50:55 EET 2023 (1678179055114)
2023-11-23 13:22:12,348 [FATAL] Updater:308 - Updater called before beeing initialized
2023-11-23 13:22:12,379 [WARN] DetailPanel:346 - Failed to get advertising image, set to default
2023-11-23 13:22:12,470 [FATAL] Updater:308 - Updater called before beeing initialized
2023-11-23 13:22:12,471 [FATAL] Updater:308 - Updater called before beeing initialized
2023-11-23 13:22:12,471 [FATAL] Updater:308 - Updater called before beeing initialized
2023-11-23 13:22:12,472 [WARN] DetailPanel:346 - Failed to get advertising image, set to default
2023-11-23 13:22:12,472 [FATAL] Updater:308 - Updater called before beeing initialized
2023-11-23 13:22:12,516 [ERROR] Updater:1120 - MainUpdater not yet initialized. External WinMGr cannot be set.
2023-11-23 13:22:12,518 [INFO] Updater:1056 - Updater Version found : 6.9.2
2023-11-23 13:22:12,534 [INFO] ApplicationProperties:184 - Using Application install path: C:\ST\STM32CubeIDE_1.13.2\STM32CubeIDE\plugins\com.st.stm32cube.common.mx_6.9.2.202309101412
2023-11-23 13:22:12,656 [INFO] MainUpdater:2868 - connection check result : 10
2023-11-23 13:22:12,657 [INFO] MainUpdater:285 - Updater Check For Update Now.
2023-11-23 13:22:12,657 [INFO] MicroXplorer:498 - Change Database Version : DB.6.0.92
2023-11-23 13:22:12,663 [INFO] McuFinderGlobals:63 - Set McuFinder mode to 2 (CubeIDE integrated)
2023-11-23 13:22:12,664 [INFO] UserAuth:179 - activating auth plugin
2023-11-23 13:22:12,667 [INFO] UserAuth:393 - Internet connection configuration mode: 1
2023-11-23 13:22:12,680 [INFO] JxBrowserEngine:151 - Initiate JxBrowser Engine with user profile folder
2023-11-23 13:22:12,842 [INFO] CheckServerUpdateThread:120 - End of CheckServer Thread
2023-11-23 13:22:13,251 [INFO] WebApp:157 - Instantiating new browser for Auth
2023-11-23 13:22:13,718 [INFO] WebApp:753 - Register for checkConnection events
2023-11-23 13:22:13,718 [INFO] WebApp:390 - Apply proxy settings
2023-11-23 13:22:13,718 [INFO] WebApp:475 - Chromium requires no authentication
2023-11-23 13:22:13,724 [INFO] WebApp:418 - Direct internet connection detected
2023-11-23 13:22:13,839 [INFO] WebApp:188 - Starting web application
2023-11-23 13:22:13,840 [INFO] WebApp:520 - Web application path used C:\ST\STM32CubeIDE_1.13.2\STM32CubeIDE\plugins\com.st.stm32cube.common.mx_6.9.2.202309101412\db\plugins\mcufinder\reactClient1\index.html
2023-11-23 13:22:14,562 [WARN] PackLoader:240 - Cannot read IP mode file for STMicroelectronics.X-CUBE-SMBUS.2.1.0
2023-11-23 13:22:14,610 [WARN] PackLoader:240 - Cannot read IP mode file for STMicroelectronics.X-CUBE-AZRTOS-F7.1.1.0
2023-11-23 13:22:14,626 [WARN] PackLoader:240 - Cannot read IP mode file for STMicroelectronics.FP-SNS-MOTENV1.4.3.2
2023-11-23 13:22:14,636 [WARN] PackLoader:240 - Cannot read IP mode file for STMicroelectronics.FP-SNS-FLIGHT1.5.0.2
2023-11-23 13:22:14,648 [WARN] PackLoader:240 - Cannot read IP mode file for STMicroelectronics.X-CUBE-DISPLAY.3.0.0
2023-11-23 13:22:14,665 [WARN] PackLoader:240 - Cannot read IP mode file for STMicroelectronics.X-CUBE-BLE1.7.0.0
2023-11-23 13:22:14,673 [WARN] PackLoader:240 - Cannot read IP mode file for emotas.I-CUBE-CANOPEN.1.3.0
2023-11-23 13:22:14,679 [WARN] PackLoader:240 - Cannot read IP mode file for STMicroelectronics.X-CUBE-TOUCHGFX.4.22.1
2023-11-23 13:22:14,685 [WARN] PackLoader:240 - Cannot read IP mode file for STMicroelectronics.FP-SNS-SMARTAG2.1.2.0
2023-11-23 13:22:14,702 [INFO] LogOutputStream:77 - [STDOUT_REDIRECT] 1 : Invalid condition id : UX_CORESTACK_Condition cause : null
2023-11-23 13:22:14,702 [INFO] LogOutputStream:77 - [STDOUT_REDIRECT] 1 : Invalid condition id : UX_CORESTACK_Condition cause : null
2023-11-23 13:22:14,704 [INFO] LogOutputStream:77 - [STDOUT_REDIRECT] 1 : Invalid condition id : UX_CORESTACK_Condition cause : null
2023-11-23 13:22:14,705 [INFO] LogOutputStream:77 - [STDOUT_REDIRECT] 1 : Invalid condition id : UX_CORESTACK_Condition cause : null
2023-11-23 13:22:14,707 [INFO] LogOutputStream:77 - [STDOUT_REDIRECT] 1 : Invalid condition id : UX_CORESTACK_Condition cause : null
2023-11-23 13:22:14,715 [WARN] PackLoader:240 - Cannot read IP mode file for STMicroelectronics.X-CUBE-AZRTOS-WL.2.0.0
2023-11-23 13:22:14,728 [WARN] PackLoader:240 - Cannot read IP mode file for WES.I-CUBE-Cesium.1.3.0
2023-11-23 13:22:14,736 [WARN] PackLoader:240 - Cannot read IP mode file for STMicroelectronics.X-CUBE-BLE2.3.3.0
2023-11-23 13:22:14,745 [WARN] PackLoader:240 - Cannot read IP mode file for STMicroelectronics.X-CUBE-ALGOBUILD.1.3.0
2023-11-23 13:22:14,775 [WARN] PackLoader:240 - Cannot read IP mode file for STMicroelectronics.X-CUBE-AZRTOS-G0.1.1.0
2023-11-23 13:22:14,787 [WARN] PackLoader:240 - Cannot read IP mode file for STMicroelectronics.X-CUBE-NFC4.3.0.0
2023-11-23 13:22:14,803 [WARN] PackLoader:240 - Cannot read IP mode file for STMicroelectronics.X-CUBE-BLEMGR.3.0.0
2023-11-23 13:22:14,811 [WARN] PackLoader:240 - Cannot read IP mode file for STMicroelectronics.FP-ATR-SIGFOX1.3.2.0
2023-11-23 13:22:14,851 [WARN] PackLoader:240 - Cannot read IP mode file for SEGGER.I-CUBE-embOS.1.3.1
2023-11-23 13:22:14,891 [WARN] PackLoader:240 - Cannot read IP mode file for STMicroelectronics.X-CUBE-GNSS1.6.0.0
2023-11-23 13:22:14,910 [WARN] PackLoader:240 - Cannot read IP mode file for STMicroelectronics.X-CUBE-AZRTOS-F4.1.1.0
2023-11-23 13:22:14,918 [WARN] PackLoader:240 - Cannot read IP mode file for wolfSSL.I-CUBE-wolfSSL.5.6.3
2023-11-23 13:22:14,935 [WARN] PackLoader:240 - Cannot read IP mode file for STMicroelectronics.X-CUBE-AZRTOS-L5.2.0.0
2023-11-23 13:22:14,988 [WARN] PackLoader:240 - Cannot read IP mode file for STMicroelectronics.X-CUBE-MEMS1.9.6.0
2023-11-23 13:22:15,179 [WARN] PackLoader:240 - Cannot read IP mode file for STMicroelectronics.X-CUBE-EEPRMA1.4.2.0
2023-11-23 13:22:15,187 [WARN] PackLoader:240 - Cannot read IP mode file for ITTIA_DB.I-CUBE-ITTIADB.8.8.0
2023-11-23 13:22:15,195 [WARN] PackLoader:240 - Cannot read IP mode file for STMicroelectronics.X-CUBE-BLEMGR.2.0.0
2023-11-23 13:22:15,215 [WARN] ConditionMgr:438 - getConditionDescription Invalid condition id : UX DEVICE CLASS RTOS Condition cause : null
2023-11-23 13:22:15,216 [WARN] ConditionMgr:438 - getConditionDescription Invalid condition id : UX DEVICE CLASS RTOS Condition cause : null
2023-11-23 13:22:15,219 [WARN] PackLoader:240 - Cannot read IP mode file for STMicroelectronics.X-CUBE-AZRTOS-H7.3.1.0
2023-11-23 13:22:15,221 [WARN] ConditionMgr:1039 - genDependencies : Invalid condition id : UX DEVICE CLASS RTOS Condition cause : null
2023-11-23 13:22:15,221 [WARN] ConditionMgr:1039 - genDependencies : Invalid condition id : UX DEVICE CLASS RTOS Condition cause : null
2023-11-23 13:22:15,222 [WARN] ConditionMgr:1039 - genDependencies : Invalid condition id : UX DEVICE CLASS RTOS Condition cause : null
2023-11-23 13:22:15,222 [WARN] ConditionMgr:1039 - genDependencies : Invalid condition id : UX DEVICE CLASS RTOS Condition cause : null
2023-11-23 13:22:15,222 [WARN] ConditionMgr:1039 - genDependencies : Invalid condition id : UX DEVICE CLASS RTOS Condition cause : null
2023-11-23 13:22:15,231 [WARN] PackLoader:240 - Cannot read IP mode file for STMicroelectronics.X-CUBE-NFC7.1.0.1
2023-11-23 13:22:15,239 [WARN] PackLoader:240 - Cannot read IP mode file for STMicroelectronics.X-CUBE-NFC6.3.0.0
2023-11-23 13:22:15,247 [WARN] PackLoader:240 - Cannot read IP mode file for STMicroelectronics.X-CUBE-EEPRMA1.4.1.0
2023-11-23 13:22:15,251 [WARN] PackLoader:240 - Cannot read IP mode file for STMicroelectronics.X-CUBE-AI.8.1.0
2023-11-23 13:22:15,271 [WARN] ConditionMgr:438 - getConditionDescription Invalid condition id : LAN8742 Phy interface Condition cause : null
2023-11-23 13:22:15,271 [WARN] PackLoader:240 - Cannot read IP mode file for STMicroelectronics.X-CUBE-AZRTOS-L4.2.0.0
2023-11-23 13:22:15,273 [WARN] ConditionMgr:1039 - genDependencies : Invalid condition id : LAN8742 Phy interface Condition cause : null
2023-11-23 13:22:15,273 [WARN] ConditionMgr:1039 - genDependencies : Invalid condition id : LAN8742 Phy interface Condition cause : null
2023-11-23 13:22:15,275 [WARN] ConditionMgr:1039 - genDependencies : Invalid condition id : LAN8742 Phy interface Condition cause : null
2023-11-23 13:22:15,283 [WARN] PackLoader:240 - Cannot read IP mode file for STMicroelectronics.X-CUBE-SFXS2LP1.4.0.0
2023-11-23 13:22:15,289 [WARN] PackLoader:240 - Cannot read IP mode file for STMicroelectronics.X-CUBE-ISPU.1.1.0
2023-11-23 13:22:15,303 [WARN] ConditionMgr:438 - getConditionDescription Invalid condition id : UX DEVICE CLASS RTOS Condition cause : null
2023-11-23 13:22:15,305 [WARN] ConditionMgr:438 - getConditionDescription Invalid condition id : UX DEVICE CLASS RTOS Condition cause : null
2023-11-23 13:22:15,311 [WARN] PackLoader:240 - Cannot read IP mode file for STMicroelectronics.X-CUBE-AZRTOS-WB.2.0.0
2023-11-23 13:22:15,312 [WARN] ConditionMgr:1039 - genDependencies : Invalid condition id : UX DEVICE CLASS RTOS Condition cause : null
2023-11-23 13:22:15,312 [WARN] ConditionMgr:1039 - genDependencies : Invalid condition id : UX DEVICE CLASS RTOS Condition cause : null
2023-11-23 13:22:15,312 [WARN] ConditionMgr:1039 - genDependencies : Invalid condition id : UX DEVICE CLASS RTOS Condition cause : null
2023-11-23 13:22:15,314 [WARN] ConditionMgr:1039 - genDependencies : Invalid condition id : UX DEVICE CLASS RTOS Condition cause : null
2023-11-23 13:22:15,314 [WARN] ConditionMgr:1039 - genDependencies : Invalid condition id : UX DEVICE CLASS RTOS Condition cause : null
2023-11-23 13:22:15,324 [WARN] PackLoader:240 - Cannot read IP mode file for STMicroelectronics.X-CUBE-SUBG2.5.0.0
2023-11-23 13:22:15,346 [WARN] PackLoader:240 - Cannot read IP mode file for STMicroelectronics.X-CUBE-TOF1.3.3.1
2023-11-23 13:22:15,368 [WARN] PackLoader:240 - Cannot read IP mode file for STMicroelectronics.X-CUBE-AZRTOS-G4.2.0.0
2023-11-23 13:22:15,385 [WARN] PackLoader:240 - Cannot read IP mode file for Infineon.AIROC-Wi-Fi-Bluetooth-STM32.1.5.1
2023-11-23 13:22:15,392 [WARN] PackLoader:240 - Cannot read IP mode file for STMicroelectronics.FP-SNS-MOTENVWB1.1.3.0
2023-11-23 13:22:15,437 [WARN] PackLoader:240 - Cannot read IP mode file for STMicroelectronics.X-CUBE-MEMS1.10.0.0
2023-11-23 13:22:15,640 [WARN] PackLoader:240 - Cannot read IP mode file for STMicroelectronics.X-CUBE-FREERTOS.1.1.0
2023-11-23 13:22:15,648 [WARN] PackLoader:240 - Cannot read IP mode file for portGmbH.I-Cube-SoM-uGOAL.1.1.0
2023-11-23 13:22:15,654 [WARN] PackLoader:240 - Cannot read IP mode file for STMicroelectronics.X-CUBE-ALS.1.0.1
2023-11-23 13:22:15,659 [WARN] PackLoader:240 - Cannot read IP mode file for STMicroelectronics.FP-ATR-ASTRA1.2.0.0
2023-11-23 13:22:15,672 [WARN] PackLoader:240 - Cannot read IP mode file for STMicroelectronics.X-CUBE-TOF1.3.4.0
2023-11-23 13:22:15,700 [INFO] ThirdParty:978 - Integrity check success = true
2023-11-23 13:22:15,700 [INFO] IntegrityCheckThread:100 - exiting critical section [integrity check]
2023-11-23 13:22:15,701 [INFO] IntegrityCheckThread:103 - End integrity checks thread
2023-11-23 13:22:15,882 [ERROR] LogOutputStream:75 - [STDERR_REDIRECT] 
2023-11-23 13:28:50,586 [INFO] Activator:176 - 


2023-11-23 13:28:50,588 [INFO] Activator:177 - !SESSION log4j initialized
2023-11-23 13:28:53,283 [INFO] LogOutputStream:77 - [STDOUT_REDIRECT] 
2023-11-23 13:28:54,847 [INFO] ApplicationProperties:184 - Using Application install path: C:\ST\STM32CubeIDE_1.13.2\STM32CubeIDE\plugins\com.st.stm32cube.common.mx_6.9.2.202309101412
2023-11-23 13:28:54,862 [INFO] DbMcusXml:78 - Set database path to: C:\ST\STM32CubeIDE_1.13.2\STM32CubeIDE\plugins\com.st.stm32cube.common.mx_6.9.2.202309101412\\db\/mcu/
2023-11-23 13:28:54,862 [INFO] ApiDb:274 - Set plugin database path to: C:\ST\STM32CubeIDE_1.13.2\STM32CubeIDE\plugins\com.st.stm32cube.common.mx_6.9.2.202309101412\\db\/plugins/boardmanager/
2023-11-23 13:28:54,863 [WARN] ApiDb:259 - Overriding images path with different value:  => C:\ST\STM32CubeIDE_1.13.2\STM32CubeIDE\plugins\com.st.stm32cube.common.mx_6.9.2.202309101412\\db\/plugins/mcufinder/images/
2023-11-23 13:28:54,871 [INFO] ApiDb:250 - Set database path to: C:\Users\Natalya\.stmcufinder\plugins\mcufinder//mcu/
2023-11-23 13:28:54,873 [INFO] DbMcusAds:125 - Set database path to: C:\Users\Natalya\.stmcufinder\plugins\mcufinder//mcu/
2023-11-23 13:28:54,876 [INFO] CrossReferenceDbSqlite:203 - Set database path to: C:\Users\Natalya\.stmcufinder\plugins\mcufinder//mcu/cs/
2023-11-23 13:28:54,990 [INFO] RulesReader:64 - Compatibility file has been processed (293 Rules)
2023-11-23 13:28:55,071 [INFO] DbMcusXml:78 - Set database path to: C:\ST\STM32CubeIDE_1.13.2\STM32CubeIDE\plugins\com.st.stm32cube.common.mx_6.9.2.202309101412\\db\/mcu/
2023-11-23 13:28:55,071 [INFO] ApiDb:274 - Set plugin database path to: C:\ST\STM32CubeIDE_1.13.2\STM32CubeIDE\plugins\com.st.stm32cube.common.mx_6.9.2.202309101412\\db\/plugins/boardmanager/
2023-11-23 13:28:55,071 [INFO] ApiDb:261 - Set plugin images path to: C:\ST\STM32CubeIDE_1.13.2\STM32CubeIDE\plugins\com.st.stm32cube.common.mx_6.9.2.202309101412\\db\/plugins/mcufinder/images/
2023-11-23 13:28:55,072 [WARN] DbFile:41 - Overriding database path with different value: C:\Users\Natalya\.stmcufinder\plugins\mcufinder/ => C:\Users\Natalya\.stmcufinder\plugins\mcufinder
2023-11-23 13:28:55,072 [INFO] ApiDb:250 - Set database path to: C:\Users\Natalya\.stmcufinder\plugins\mcufinder//mcu/
2023-11-23 13:28:55,072 [WARN] DbFile:41 - Overriding database path with different value: C:\Users\Natalya\.stmcufinder\plugins\mcufinder/ => C:\Users\Natalya\.stmcufinder\plugins\mcufinder
2023-11-23 13:28:55,072 [INFO] DbMcusAds:125 - Set database path to: C:\Users\Natalya\.stmcufinder\plugins\mcufinder//mcu/
2023-11-23 13:28:55,072 [WARN] DbFile:41 - Overriding database path with different value: C:\Users\Natalya\.stmcufinder\plugins\mcufinder/ => C:\Users\Natalya\.stmcufinder\plugins\mcufinder
2023-11-23 13:28:55,072 [WARN] DbFile:41 - Overriding database path with different value: C:\Users\Natalya\.stmcufinder\plugins\mcufinder/ => C:\Users\Natalya\.stmcufinder\plugins\mcufinder
2023-11-23 13:28:55,072 [INFO] CrossReferenceDbSqlite:203 - Set database path to: C:\Users\Natalya\.stmcufinder\plugins\mcufinder//mcu/cs/
2023-11-23 13:28:55,143 [INFO] MainPanel:262 - HeapMemory: 268435456
2023-11-23 13:28:55,206 [INFO] DbMcusXml:78 - Set database path to: C:\ST\STM32CubeIDE_1.13.2\STM32CubeIDE\plugins\com.st.stm32cube.common.mx_6.9.2.202309101412\\db\/mcu/
2023-11-23 13:28:55,206 [INFO] ApiDb:274 - Set plugin database path to: C:\ST\STM32CubeIDE_1.13.2\STM32CubeIDE\plugins\com.st.stm32cube.common.mx_6.9.2.202309101412\\db\/plugins/boardmanager/
2023-11-23 13:28:55,206 [INFO] ApiDb:261 - Set plugin images path to: C:\ST\STM32CubeIDE_1.13.2\STM32CubeIDE\plugins\com.st.stm32cube.common.mx_6.9.2.202309101412\\db\/plugins/mcufinder/images/
2023-11-23 13:28:55,207 [WARN] DbFile:41 - Overriding database path with different value: C:\Users\Natalya\.stmcufinder\plugins\mcufinder/ => C:\Users\Natalya\.stmcufinder\plugins\mcufinder
2023-11-23 13:28:55,207 [INFO] ApiDb:250 - Set database path to: C:\Users\Natalya\.stmcufinder\plugins\mcufinder//mcu/
2023-11-23 13:28:55,207 [WARN] DbFile:41 - Overriding database path with different value: C:\Users\Natalya\.stmcufinder\plugins\mcufinder/ => C:\Users\Natalya\.stmcufinder\plugins\mcufinder
2023-11-23 13:28:55,207 [INFO] DbMcusAds:125 - Set database path to: C:\Users\Natalya\.stmcufinder\plugins\mcufinder//mcu/
2023-11-23 13:28:55,207 [WARN] DbFile:41 - Overriding database path with different value: C:\Users\Natalya\.stmcufinder\plugins\mcufinder/ => C:\Users\Natalya\.stmcufinder\plugins\mcufinder
2023-11-23 13:28:55,207 [WARN] DbFile:41 - Overriding database path with different value: C:\Users\Natalya\.stmcufinder\plugins\mcufinder/ => C:\Users\Natalya\.stmcufinder\plugins\mcufinder
2023-11-23 13:28:55,207 [INFO] CrossReferenceDbSqlite:203 - Set database path to: C:\Users\Natalya\.stmcufinder\plugins\mcufinder//mcu/cs/
2023-11-23 13:28:55,220 [INFO] ApplicationProperties:184 - Using Application install path: C:\ST\STM32CubeIDE_1.13.2\STM32CubeIDE\plugins\com.st.stm32cube.common.mx_6.9.2.202309101412
2023-11-23 13:28:55,221 [INFO] PluginManage:196 - Search for loadable plugins [exclusion list=, ]
2023-11-23 13:28:55,222 [INFO] PluginManage:310 - Check plugin analytics
2023-11-23 13:28:55,378 [INFO] AnalyticsPlugin:253 - Accepted Software Licenses: 
2023-11-23 13:28:55,378 [INFO] AnalyticsPlugin:255 - Accepted CMSIS Pack Licenses: 
2023-11-23 13:28:55,378 [INFO] AnalyticsPlugin:257 - Accepted Firmware Licenses: FW.F4.1.27.0
2023-11-23 13:28:55,381 [INFO] PluginManage:359 - Loaded plugin analytics (category:tool,tabindex:-1)
2023-11-23 13:28:55,381 [INFO] PluginManage:310 - Check plugin cadmodel
2023-11-23 13:28:55,384 [INFO] CADModel:105 - Init CAD model plugin
2023-11-23 13:28:55,385 [INFO] PluginManage:359 - Loaded plugin cadmodel (category:power,tabindex:5)
2023-11-23 13:28:55,385 [INFO] PluginManage:310 - Check plugin clock
2023-11-23 13:28:55,392 [INFO] PluginManage:359 - Loaded plugin clock (category:base,tabindex:2)
2023-11-23 13:28:55,393 [INFO] PluginManage:310 - Check plugin ddr
2023-11-23 13:28:55,395 [INFO] PluginManage:359 - Loaded plugin ddr (category:tool,tabindex:6)
2023-11-23 13:28:55,395 [INFO] PluginManage:310 - Check plugin filemanager
2023-11-23 13:28:55,505 [INFO] PluginManage:359 - Loaded plugin filemanager (category:base,tabindex:10)
2023-11-23 13:28:55,505 [INFO] PluginManage:310 - Check plugin ipmanager
2023-11-23 13:28:55,512 [INFO] PluginManage:359 - Loaded plugin ipmanager (category:base,tabindex:5)
2023-11-23 13:28:55,512 [INFO] PluginManage:310 - Check plugin lpbam
2023-11-23 13:28:55,520 [INFO] PluginManage:359 - Loaded plugin lpbam (category:base,tabindex:0)
2023-11-23 13:28:55,520 [INFO] PluginManage:310 - Check plugin memorymap
2023-11-23 13:28:55,530 [INFO] PluginManage:359 - Loaded plugin memorymap (category:base,tabindex:4)
2023-11-23 13:28:55,531 [INFO] PluginManage:310 - Check plugin pinoutandconfiguration
2023-11-23 13:28:55,537 [INFO] PluginManage:359 - Loaded plugin pinoutandconfiguration (category:base,tabindex:1)
2023-11-23 13:28:55,537 [INFO] PluginManage:310 - Check plugin pinoutconfig
2023-11-23 13:28:55,613 [WARN] SupportedApi:132 - Cannot load RTOS API schema: s4s-elt-must-match.1: The content of 'definitions' must match (annotation?, (simpleType | complexType)?, (unique | key | keyref)*)). A problem was found starting at: attribute.
2023-11-23 13:28:55,745 [INFO] PluginManage:359 - Loaded plugin pinoutconfig (category:base,tabindex:0)
2023-11-23 13:28:55,746 [INFO] PluginManage:310 - Check plugin power
2023-11-23 13:28:55,760 [INFO] PluginManage:359 - Loaded plugin power (category:power,tabindex:4)
2023-11-23 13:28:55,761 [INFO] PluginManage:310 - Check plugin projectmanager
2023-11-23 13:28:55,780 [INFO] PluginManage:359 - Loaded plugin projectmanager (category:projectmanager,tabindex:3)
2023-11-23 13:28:55,780 [INFO] PluginManage:310 - Check plugin thirdparty
2023-11-23 13:28:55,898 [INFO] PluginManage:359 - Loaded plugin thirdparty (category:base,tabindex:-1)
2023-11-23 13:28:55,898 [INFO] PluginManage:310 - Check plugin tools
2023-11-23 13:28:55,898 [WARN] IntegrityCheckThread:84 - waiting for thirdparty lock release [integrity check]
2023-11-23 13:28:55,898 [INFO] IntegrityCheckThread:86 - entering critical section [integrity check]
2023-11-23 13:28:55,898 [INFO] ThirdPartyUpdaterWithRetryManager:70 - Updater plugin not ready yet. [1/15]
2023-11-23 13:28:55,900 [INFO] PluginManage:359 - Loaded plugin tools (category:base,tabindex:7)
2023-11-23 13:28:55,900 [INFO] PluginManage:310 - Check plugin tutovideos
2023-11-23 13:28:56,029 [INFO] PluginManage:359 - Loaded plugin tutovideos (category:base,tabindex:-1)
2023-11-23 13:28:56,030 [INFO] PluginManage:310 - Check plugin updater
2023-11-23 13:28:56,037 [INFO] PluginManage:359 - Loaded plugin updater (category:base,tabindex:12)
2023-11-23 13:28:56,037 [INFO] PluginManage:310 - Check plugin userauth
2023-11-23 13:28:56,041 [INFO] UserAuth:113 - Init User Auth plugin
2023-11-23 13:28:56,041 [INFO] PluginManage:359 - Loaded plugin userauth (category:base,tabindex:14)
2023-11-23 13:28:56,041 [INFO] PluginManage:283 - PluginManage : Loaded plugins [17]
2023-11-23 13:28:56,214 [INFO] PinOutPanel:1499 - setPackage(No Configuration,No Configuration)
2023-11-23 13:28:56,299 [INFO] CADModel:165 - CPN selected for project level
2023-11-23 13:28:56,300 [INFO] CADModel:114 - Register for checkConnection events
2023-11-23 13:28:56,313 [INFO] IPUIPlugin:80 - create IPUIPlugin
2023-11-23 13:28:56,313 [INFO] PluginManager:220 - loadIPPluginJar : add adc
2023-11-23 13:28:56,315 [INFO] IPUIPlugin:80 - create IPUIPlugin
2023-11-23 13:28:56,315 [INFO] PluginManager:220 - loadIPPluginJar : add aes
2023-11-23 13:28:56,318 [INFO] IPUIPlugin:80 - create IPUIPlugin
2023-11-23 13:28:56,318 [INFO] PluginManager:220 - loadIPPluginJar : add can
2023-11-23 13:28:56,320 [INFO] IPUIPlugin:80 - create IPUIPlugin
2023-11-23 13:28:56,321 [INFO] PluginManager:220 - loadIPPluginJar : add comp
2023-11-23 13:28:56,323 [INFO] IPUIPlugin:80 - create IPUIPlugin
2023-11-23 13:28:56,323 [INFO] PluginManager:220 - loadIPPluginJar : add cryp
2023-11-23 13:28:56,324 [INFO] IPUIPlugin:80 - create IPUIPlugin
2023-11-23 13:28:56,325 [INFO] PluginManager:220 - loadIPPluginJar : add dfsdm
2023-11-23 13:28:56,329 [INFO] IPUIPlugin:80 - create IPUIPlugin
2023-11-23 13:28:56,329 [INFO] PluginManager:220 - loadIPPluginJar : add dma
2023-11-23 13:28:56,332 [INFO] IPUIPlugin:80 - create IPUIPlugin
2023-11-23 13:28:56,332 [INFO] PluginManager:220 - loadIPPluginJar : add dma3
2023-11-23 13:28:56,334 [INFO] IPUIPlugin:80 - create IPUIPlugin
2023-11-23 13:28:56,334 [INFO] PluginManager:220 - loadIPPluginJar : add fatfs
2023-11-23 13:28:56,338 [INFO] IPUIPlugin:80 - create IPUIPlugin
2023-11-23 13:28:56,339 [INFO] PluginManager:220 - loadIPPluginJar : add fmc
2023-11-23 13:28:56,345 [INFO] IPUIPlugin:80 - create IPUIPlugin
2023-11-23 13:28:56,345 [INFO] PluginManager:220 - loadIPPluginJar : add freertos
2023-11-23 13:28:56,346 [INFO] IPUIPlugin:80 - create IPUIPlugin
2023-11-23 13:28:56,346 [INFO] PluginManager:220 - loadIPPluginJar : add genericplugin
2023-11-23 13:28:56,348 [INFO] IPUIPlugin:80 - create IPUIPlugin
2023-11-23 13:28:56,348 [INFO] PluginManager:220 - loadIPPluginJar : add gfxmmu
2023-11-23 13:28:56,352 [INFO] IPUIPlugin:80 - create IPUIPlugin
2023-11-23 13:28:56,352 [INFO] PluginManager:220 - loadIPPluginJar : add gic
2023-11-23 13:28:56,356 [INFO] IPUIPlugin:80 - create IPUIPlugin
2023-11-23 13:28:56,357 [INFO] PluginManager:220 - loadIPPluginJar : add gpio
2023-11-23 13:28:56,359 [INFO] IPUIPlugin:80 - create IPUIPlugin
2023-11-23 13:28:56,359 [INFO] PluginManager:220 - loadIPPluginJar : add gtzc
2023-11-23 13:28:56,361 [INFO] IPUIPlugin:80 - create IPUIPlugin
2023-11-23 13:28:56,361 [INFO] PluginManager:220 - loadIPPluginJar : add hash
2023-11-23 13:28:56,363 [INFO] IPUIPlugin:80 - create IPUIPlugin
2023-11-23 13:28:56,363 [INFO] PluginManager:220 - loadIPPluginJar : add i2c
2023-11-23 13:28:56,365 [INFO] IPUIPlugin:80 - create IPUIPlugin
2023-11-23 13:28:56,365 [INFO] PluginManager:220 - loadIPPluginJar : add i2s
2023-11-23 13:28:56,367 [INFO] IPUIPlugin:80 - create IPUIPlugin
2023-11-23 13:28:56,367 [INFO] PluginManager:220 - loadIPPluginJar : add i3c
2023-11-23 13:28:56,368 [INFO] IPUIPlugin:80 - create IPUIPlugin
2023-11-23 13:28:56,369 [INFO] PluginManager:220 - loadIPPluginJar : add ipddr
2023-11-23 13:28:56,373 [INFO] IPUIPlugin:80 - create IPUIPlugin
2023-11-23 13:28:56,373 [INFO] PluginManager:220 - loadIPPluginJar : add linkedlist
2023-11-23 13:28:56,375 [INFO] IPUIPlugin:80 - create IPUIPlugin
2023-11-23 13:28:56,376 [INFO] PluginManager:220 - loadIPPluginJar : add lorawan
2023-11-23 13:28:56,377 [INFO] IPUIPlugin:80 - create IPUIPlugin
2023-11-23 13:28:56,377 [INFO] PluginManager:220 - loadIPPluginJar : add ltdc
2023-11-23 13:28:56,381 [INFO] IPUIPlugin:80 - create IPUIPlugin
2023-11-23 13:28:56,382 [INFO] PluginManager:220 - loadIPPluginJar : add mdma
2023-11-23 13:28:56,384 [INFO] IPUIPlugin:80 - create IPUIPlugin
2023-11-23 13:28:56,384 [INFO] PluginManager:220 - loadIPPluginJar : add nvic
2023-11-23 13:28:56,386 [INFO] IPUIPlugin:80 - create IPUIPlugin
2023-11-23 13:28:56,387 [INFO] PluginManager:220 - loadIPPluginJar : add opamp
2023-11-23 13:28:56,388 [INFO] IPUIPlugin:80 - create IPUIPlugin
2023-11-23 13:28:56,388 [INFO] PluginManager:220 - loadIPPluginJar : add openamp
2023-11-23 13:28:56,391 [INFO] IPUIPlugin:80 - create IPUIPlugin
2023-11-23 13:28:56,391 [INFO] PluginManager:220 - loadIPPluginJar : add pdm2pcm
2023-11-23 13:28:56,396 [INFO] IPUIPlugin:80 - create IPUIPlugin
2023-11-23 13:28:56,398 [INFO] PluginManager:220 - loadIPPluginJar : add plateformsettings
2023-11-23 13:28:56,399 [INFO] IPUIPlugin:80 - create IPUIPlugin
2023-11-23 13:28:56,399 [INFO] PluginManager:220 - loadIPPluginJar : add quadspi
2023-11-23 13:28:56,401 [INFO] IPUIPlugin:80 - create IPUIPlugin
2023-11-23 13:28:56,401 [INFO] PluginManager:220 - loadIPPluginJar : add resmgrutility
2023-11-23 13:28:56,403 [INFO] IPUIPlugin:80 - create IPUIPlugin
2023-11-23 13:28:56,403 [INFO] PluginManager:220 - loadIPPluginJar : add sai
2023-11-23 13:28:56,405 [INFO] IPUIPlugin:80 - create IPUIPlugin
2023-11-23 13:28:56,405 [INFO] PluginManager:220 - loadIPPluginJar : add spi
2023-11-23 13:28:56,408 [INFO] IPUIPlugin:80 - create IPUIPlugin
2023-11-23 13:28:56,408 [INFO] PluginManager:220 - loadIPPluginJar : add stm32_wpan
2023-11-23 13:28:56,409 [INFO] IPUIPlugin:80 - create IPUIPlugin
2023-11-23 13:28:56,409 [INFO] PluginManager:220 - loadIPPluginJar : add tim
2023-11-23 13:28:56,410 [INFO] IPUIPlugin:80 - create IPUIPlugin
2023-11-23 13:28:56,410 [INFO] PluginManager:220 - loadIPPluginJar : add touchsensing
2023-11-23 13:28:56,412 [INFO] IPUIPlugin:80 - create IPUIPlugin
2023-11-23 13:28:56,412 [INFO] PluginManager:220 - loadIPPluginJar : add tracer_emb
2023-11-23 13:28:56,413 [INFO] IPUIPlugin:80 - create IPUIPlugin
2023-11-23 13:28:56,413 [INFO] PluginManager:220 - loadIPPluginJar : add ts
2023-11-23 13:28:56,414 [INFO] IPUIPlugin:80 - create IPUIPlugin
2023-11-23 13:28:56,414 [INFO] PluginManager:220 - loadIPPluginJar : add tsc
2023-11-23 13:28:56,415 [INFO] IPUIPlugin:80 - create IPUIPlugin
2023-11-23 13:28:56,415 [INFO] PluginManager:220 - loadIPPluginJar : add ucpd
2023-11-23 13:28:56,417 [INFO] IPUIPlugin:80 - create IPUIPlugin
2023-11-23 13:28:56,417 [INFO] PluginManager:220 - loadIPPluginJar : add usart
2023-11-23 13:28:56,419 [INFO] IPUIPlugin:80 - create IPUIPlugin
2023-11-23 13:28:56,419 [INFO] PluginManager:220 - loadIPPluginJar : add usbx
2023-11-23 13:28:56,534 [INFO] CADModel:165 - CPN selected for project level
2023-11-23 13:28:56,534 [INFO] CADModel:114 - Register for checkConnection events
2023-11-23 13:28:56,534 [FATAL] Updater:308 - Updater called before beeing initialized
2023-11-23 13:28:56,534 [ERROR] CADModel:125 - Updater not yet initialized, retry later 
2023-11-23 13:28:56,636 [INFO] CADModel:165 - CPN selected for project level
2023-11-23 13:28:56,636 [INFO] CADModel:114 - Register for checkConnection events
2023-11-23 13:28:56,636 [FATAL] Updater:308 - Updater called before beeing initialized
2023-11-23 13:28:56,636 [ERROR] CADModel:125 - Updater not yet initialized, retry later 
2023-11-23 13:28:56,639 [FATAL] Updater:308 - Updater called before beeing initialized
2023-11-23 13:28:56,732 [FATAL] Updater:308 - Updater called before beeing initialized
2023-11-23 13:28:56,737 [INFO] DbMcusAds:53 - JSON generation date=Tue Mar 07 10:50:55 EET 2023 (1678179055114)
2023-11-23 13:28:56,737 [FATAL] Updater:308 - Updater called before beeing initialized
2023-11-23 13:28:56,769 [WARN] DetailPanel:346 - Failed to get advertising image, set to default
2023-11-23 13:28:56,856 [FATAL] Updater:308 - Updater called before beeing initialized
2023-11-23 13:28:56,857 [FATAL] Updater:308 - Updater called before beeing initialized
2023-11-23 13:28:56,858 [FATAL] Updater:308 - Updater called before beeing initialized
2023-11-23 13:28:56,858 [WARN] DetailPanel:346 - Failed to get advertising image, set to default
2023-11-23 13:28:56,859 [FATAL] Updater:308 - Updater called before beeing initialized
2023-11-23 13:28:56,900 [ERROR] Updater:1120 - MainUpdater not yet initialized. External WinMGr cannot be set.
2023-11-23 13:28:56,902 [INFO] Updater:1056 - Updater Version found : 6.9.2
2023-11-23 13:28:56,919 [INFO] ApplicationProperties:184 - Using Application install path: C:\ST\STM32CubeIDE_1.13.2\STM32CubeIDE\plugins\com.st.stm32cube.common.mx_6.9.2.202309101412
2023-11-23 13:28:57,050 [INFO] MainUpdater:2868 - connection check result : 10
2023-11-23 13:28:57,051 [INFO] MainUpdater:285 - Updater Check For Update Now.
2023-11-23 13:28:57,051 [INFO] MicroXplorer:498 - Change Database Version : DB.6.0.92
2023-11-23 13:28:57,063 [INFO] McuFinderGlobals:63 - Set McuFinder mode to 2 (CubeIDE integrated)
2023-11-23 13:28:57,063 [INFO] UserAuth:179 - activating auth plugin
2023-11-23 13:28:57,066 [INFO] UserAuth:393 - Internet connection configuration mode: 1
2023-11-23 13:28:57,079 [INFO] JxBrowserEngine:151 - Initiate JxBrowser Engine with user profile folder
2023-11-23 13:28:57,220 [INFO] CheckServerUpdateThread:120 - End of CheckServer Thread
2023-11-23 13:28:57,616 [INFO] WebApp:157 - Instantiating new browser for Auth
2023-11-23 13:28:58,033 [INFO] WebApp:753 - Register for checkConnection events
2023-11-23 13:28:58,033 [INFO] WebApp:390 - Apply proxy settings
2023-11-23 13:28:58,033 [INFO] WebApp:475 - Chromium requires no authentication
2023-11-23 13:28:58,038 [INFO] WebApp:418 - Direct internet connection detected
2023-11-23 13:28:58,150 [INFO] WebApp:188 - Starting web application
2023-11-23 13:28:58,151 [INFO] WebApp:520 - Web application path used C:\ST\STM32CubeIDE_1.13.2\STM32CubeIDE\plugins\com.st.stm32cube.common.mx_6.9.2.202309101412\db\plugins\mcufinder\reactClient1\index.html
2023-11-23 13:28:59,058 [WARN] PackLoader:240 - Cannot read IP mode file for STMicroelectronics.X-CUBE-SMBUS.2.1.0
2023-11-23 13:28:59,094 [WARN] PackLoader:240 - Cannot read IP mode file for STMicroelectronics.X-CUBE-AZRTOS-F7.1.1.0
2023-11-23 13:28:59,107 [WARN] PackLoader:240 - Cannot read IP mode file for STMicroelectronics.FP-SNS-MOTENV1.4.3.2
2023-11-23 13:28:59,116 [WARN] PackLoader:240 - Cannot read IP mode file for STMicroelectronics.FP-SNS-FLIGHT1.5.0.2
2023-11-23 13:28:59,126 [WARN] PackLoader:240 - Cannot read IP mode file for STMicroelectronics.X-CUBE-DISPLAY.3.0.0
2023-11-23 13:28:59,139 [WARN] PackLoader:240 - Cannot read IP mode file for STMicroelectronics.X-CUBE-BLE1.7.0.0
2023-11-23 13:28:59,145 [WARN] PackLoader:240 - Cannot read IP mode file for emotas.I-CUBE-CANOPEN.1.3.0
2023-11-23 13:28:59,151 [WARN] PackLoader:240 - Cannot read IP mode file for STMicroelectronics.X-CUBE-TOUCHGFX.4.22.1
2023-11-23 13:28:59,156 [WARN] PackLoader:240 - Cannot read IP mode file for STMicroelectronics.FP-SNS-SMARTAG2.1.2.0
2023-11-23 13:28:59,169 [INFO] LogOutputStream:77 - [STDOUT_REDIRECT] 1 : Invalid condition id : UX_CORESTACK_Condition cause : null
2023-11-23 13:28:59,170 [INFO] LogOutputStream:77 - [STDOUT_REDIRECT] 1 : Invalid condition id : UX_CORESTACK_Condition cause : null
2023-11-23 13:28:59,171 [INFO] LogOutputStream:77 - [STDOUT_REDIRECT] 1 : Invalid condition id : UX_CORESTACK_Condition cause : null
2023-11-23 13:28:59,172 [INFO] LogOutputStream:77 - [STDOUT_REDIRECT] 1 : Invalid condition id : UX_CORESTACK_Condition cause : null
2023-11-23 13:28:59,174 [INFO] LogOutputStream:77 - [STDOUT_REDIRECT] 1 : Invalid condition id : UX_CORESTACK_Condition cause : null
2023-11-23 13:28:59,182 [WARN] PackLoader:240 - Cannot read IP mode file for STMicroelectronics.X-CUBE-AZRTOS-WL.2.0.0
2023-11-23 13:28:59,195 [WARN] PackLoader:240 - Cannot read IP mode file for WES.I-CUBE-Cesium.1.3.0
2023-11-23 13:28:59,202 [WARN] PackLoader:240 - Cannot read IP mode file for STMicroelectronics.X-CUBE-BLE2.3.3.0
2023-11-23 13:28:59,211 [WARN] PackLoader:240 - Cannot read IP mode file for STMicroelectronics.X-CUBE-ALGOBUILD.1.3.0
2023-11-23 13:28:59,230 [WARN] PackLoader:240 - Cannot read IP mode file for STMicroelectronics.X-CUBE-AZRTOS-G0.1.1.0
2023-11-23 13:28:59,238 [WARN] PackLoader:240 - Cannot read IP mode file for STMicroelectronics.X-CUBE-NFC4.3.0.0
2023-11-23 13:28:59,253 [WARN] PackLoader:240 - Cannot read IP mode file for STMicroelectronics.X-CUBE-BLEMGR.3.0.0
2023-11-23 13:28:59,259 [WARN] PackLoader:240 - Cannot read IP mode file for STMicroelectronics.FP-ATR-SIGFOX1.3.2.0
2023-11-23 13:28:59,291 [WARN] PackLoader:240 - Cannot read IP mode file for SEGGER.I-CUBE-embOS.1.3.1
2023-11-23 13:28:59,325 [WARN] PackLoader:240 - Cannot read IP mode file for STMicroelectronics.X-CUBE-GNSS1.6.0.0
2023-11-23 13:28:59,345 [WARN] PackLoader:240 - Cannot read IP mode file for STMicroelectronics.X-CUBE-AZRTOS-F4.1.1.0
2023-11-23 13:28:59,354 [WARN] PackLoader:240 - Cannot read IP mode file for wolfSSL.I-CUBE-wolfSSL.5.6.3
2023-11-23 13:28:59,372 [WARN] PackLoader:240 - Cannot read IP mode file for STMicroelectronics.X-CUBE-AZRTOS-L5.2.0.0
2023-11-23 13:28:59,428 [WARN] PackLoader:240 - Cannot read IP mode file for STMicroelectronics.X-CUBE-MEMS1.9.6.0
2023-11-23 13:28:59,598 [WARN] PackLoader:240 - Cannot read IP mode file for STMicroelectronics.X-CUBE-EEPRMA1.4.2.0
2023-11-23 13:28:59,603 [WARN] PackLoader:240 - Cannot read IP mode file for ITTIA_DB.I-CUBE-ITTIADB.8.8.0
2023-11-23 13:28:59,608 [WARN] PackLoader:240 - Cannot read IP mode file for STMicroelectronics.X-CUBE-BLEMGR.2.0.0
2023-11-23 13:28:59,621 [WARN] ConditionMgr:438 - getConditionDescription Invalid condition id : UX DEVICE CLASS RTOS Condition cause : null
2023-11-23 13:28:59,622 [WARN] ConditionMgr:438 - getConditionDescription Invalid condition id : UX DEVICE CLASS RTOS Condition cause : null
2023-11-23 13:28:59,624 [WARN] PackLoader:240 - Cannot read IP mode file for STMicroelectronics.X-CUBE-AZRTOS-H7.3.1.0
2023-11-23 13:28:59,625 [WARN] ConditionMgr:1039 - genDependencies : Invalid condition id : UX DEVICE CLASS RTOS Condition cause : null
2023-11-23 13:28:59,625 [WARN] ConditionMgr:1039 - genDependencies : Invalid condition id : UX DEVICE CLASS RTOS Condition cause : null
2023-11-23 13:28:59,626 [WARN] ConditionMgr:1039 - genDependencies : Invalid condition id : UX DEVICE CLASS RTOS Condition cause : null
2023-11-23 13:28:59,626 [WARN] ConditionMgr:1039 - genDependencies : Invalid condition id : UX DEVICE CLASS RTOS Condition cause : null
2023-11-23 13:28:59,626 [WARN] ConditionMgr:1039 - genDependencies : Invalid condition id : UX DEVICE CLASS RTOS Condition cause : null
2023-11-23 13:28:59,632 [WARN] PackLoader:240 - Cannot read IP mode file for STMicroelectronics.X-CUBE-NFC7.1.0.1
2023-11-23 13:28:59,638 [WARN] PackLoader:240 - Cannot read IP mode file for STMicroelectronics.X-CUBE-NFC6.3.0.0
2023-11-23 13:28:59,643 [WARN] PackLoader:240 - Cannot read IP mode file for STMicroelectronics.X-CUBE-EEPRMA1.4.1.0
2023-11-23 13:28:59,646 [WARN] PackLoader:240 - Cannot read IP mode file for STMicroelectronics.X-CUBE-AI.8.1.0
2023-11-23 13:28:59,667 [WARN] ConditionMgr:438 - getConditionDescription Invalid condition id : LAN8742 Phy interface Condition cause : null
2023-11-23 13:28:59,668 [WARN] PackLoader:240 - Cannot read IP mode file for STMicroelectronics.X-CUBE-AZRTOS-L4.2.0.0
2023-11-23 13:28:59,669 [WARN] ConditionMgr:1039 - genDependencies : Invalid condition id : LAN8742 Phy interface Condition cause : null
2023-11-23 13:28:59,670 [WARN] ConditionMgr:1039 - genDependencies : Invalid condition id : LAN8742 Phy interface Condition cause : null
2023-11-23 13:28:59,670 [WARN] ConditionMgr:1039 - genDependencies : Invalid condition id : LAN8742 Phy interface Condition cause : null
2023-11-23 13:28:59,677 [WARN] PackLoader:240 - Cannot read IP mode file for STMicroelectronics.X-CUBE-SFXS2LP1.4.0.0
2023-11-23 13:28:59,683 [WARN] PackLoader:240 - Cannot read IP mode file for STMicroelectronics.X-CUBE-ISPU.1.1.0
2023-11-23 13:28:59,692 [WARN] ConditionMgr:438 - getConditionDescription Invalid condition id : UX DEVICE CLASS RTOS Condition cause : null
2023-11-23 13:28:59,693 [WARN] ConditionMgr:438 - getConditionDescription Invalid condition id : UX DEVICE CLASS RTOS Condition cause : null
2023-11-23 13:28:59,694 [WARN] PackLoader:240 - Cannot read IP mode file for STMicroelectronics.X-CUBE-AZRTOS-WB.2.0.0
2023-11-23 13:28:59,695 [WARN] ConditionMgr:1039 - genDependencies : Invalid condition id : UX DEVICE CLASS RTOS Condition cause : null
2023-11-23 13:28:59,695 [WARN] ConditionMgr:1039 - genDependencies : Invalid condition id : UX DEVICE CLASS RTOS Condition cause : null
2023-11-23 13:28:59,696 [WARN] ConditionMgr:1039 - genDependencies : Invalid condition id : UX DEVICE CLASS RTOS Condition cause : null
2023-11-23 13:28:59,696 [WARN] ConditionMgr:1039 - genDependencies : Invalid condition id : UX DEVICE CLASS RTOS Condition cause : null
2023-11-23 13:28:59,696 [WARN] ConditionMgr:1039 - genDependencies : Invalid condition id : UX DEVICE CLASS RTOS Condition cause : null
2023-11-23 13:28:59,711 [WARN] PackLoader:240 - Cannot read IP mode file for STMicroelectronics.X-CUBE-SUBG2.5.0.0
2023-11-23 13:28:59,729 [WARN] PackLoader:240 - Cannot read IP mode file for STMicroelectronics.X-CUBE-TOF1.3.3.1
2023-11-23 13:28:59,751 [WARN] PackLoader:240 - Cannot read IP mode file for STMicroelectronics.X-CUBE-AZRTOS-G4.2.0.0
2023-11-23 13:28:59,762 [WARN] PackLoader:240 - Cannot read IP mode file for Infineon.AIROC-Wi-Fi-Bluetooth-STM32.1.5.1
2023-11-23 13:28:59,768 [WARN] PackLoader:240 - Cannot read IP mode file for STMicroelectronics.FP-SNS-MOTENVWB1.1.3.0
2023-11-23 13:28:59,799 [WARN] PackLoader:240 - Cannot read IP mode file for STMicroelectronics.X-CUBE-MEMS1.10.0.0
2023-11-23 13:28:59,884 [WARN] PackLoader:240 - Cannot read IP mode file for STMicroelectronics.X-CUBE-FREERTOS.1.1.0
2023-11-23 13:28:59,890 [WARN] PackLoader:240 - Cannot read IP mode file for portGmbH.I-Cube-SoM-uGOAL.1.1.0
2023-11-23 13:28:59,894 [WARN] PackLoader:240 - Cannot read IP mode file for STMicroelectronics.X-CUBE-ALS.1.0.1
2023-11-23 13:28:59,898 [WARN] PackLoader:240 - Cannot read IP mode file for STMicroelectronics.FP-ATR-ASTRA1.2.0.0
2023-11-23 13:28:59,906 [WARN] PackLoader:240 - Cannot read IP mode file for STMicroelectronics.X-CUBE-TOF1.3.4.0
2023-11-23 13:28:59,914 [INFO] ThirdParty:978 - Integrity check success = true
2023-11-23 13:28:59,914 [INFO] IntegrityCheckThread:100 - exiting critical section [integrity check]
2023-11-23 13:28:59,914 [INFO] IntegrityCheckThread:103 - End integrity checks thread
2023-11-23 13:29:18,750 [ERROR] LogOutputStream:75 - [STDERR_REDIRECT] SLF4J: Failed to load class "org.slf4j.impl.StaticLoggerBinder".
2023-11-23 13:29:18,750 [ERROR] LogOutputStream:75 - [STDERR_REDIRECT] SLF4J: Defaulting to no-operation (NOP) logger implementation
2023-11-23 13:29:18,752 [ERROR] LogOutputStream:75 - [STDERR_REDIRECT] SLF4J: See http://www.slf4j.org/codes.html#StaticLoggerBinder for further details.
2023-11-23 13:31:19,570 [ERROR] LogOutputStream:75 - [STDERR_REDIRECT] 
2023-11-23 13:36:24,793 [INFO] Activator:176 - 


2023-11-23 13:36:24,795 [INFO] Activator:177 - !SESSION log4j initialized
2023-11-23 13:36:26,674 [INFO] LogOutputStream:77 - [STDOUT_REDIRECT] 
2023-11-23 13:36:28,016 [INFO] ApplicationProperties:184 - Using Application install path: C:\ST\STM32CubeIDE_1.13.2\STM32CubeIDE\plugins\com.st.stm32cube.common.mx_6.9.2.202309101412
2023-11-23 13:36:28,031 [INFO] DbMcusXml:78 - Set database path to: C:\ST\STM32CubeIDE_1.13.2\STM32CubeIDE\plugins\com.st.stm32cube.common.mx_6.9.2.202309101412\\db\/mcu/
2023-11-23 13:36:28,031 [INFO] ApiDb:274 - Set plugin database path to: C:\ST\STM32CubeIDE_1.13.2\STM32CubeIDE\plugins\com.st.stm32cube.common.mx_6.9.2.202309101412\\db\/plugins/boardmanager/
2023-11-23 13:36:28,031 [WARN] ApiDb:259 - Overriding images path with different value:  => C:\ST\STM32CubeIDE_1.13.2\STM32CubeIDE\plugins\com.st.stm32cube.common.mx_6.9.2.202309101412\\db\/plugins/mcufinder/images/
2023-11-23 13:36:28,040 [INFO] ApiDb:250 - Set database path to: C:\Users\Natalya\.stmcufinder\plugins\mcufinder//mcu/
2023-11-23 13:36:28,041 [INFO] DbMcusAds:125 - Set database path to: C:\Users\Natalya\.stmcufinder\plugins\mcufinder//mcu/
2023-11-23 13:36:28,043 [INFO] CrossReferenceDbSqlite:203 - Set database path to: C:\Users\Natalya\.stmcufinder\plugins\mcufinder//mcu/cs/
2023-11-23 13:36:28,154 [INFO] RulesReader:64 - Compatibility file has been processed (293 Rules)
2023-11-23 13:36:28,224 [INFO] DbMcusXml:78 - Set database path to: C:\ST\STM32CubeIDE_1.13.2\STM32CubeIDE\plugins\com.st.stm32cube.common.mx_6.9.2.202309101412\\db\/mcu/
2023-11-23 13:36:28,224 [INFO] ApiDb:274 - Set plugin database path to: C:\ST\STM32CubeIDE_1.13.2\STM32CubeIDE\plugins\com.st.stm32cube.common.mx_6.9.2.202309101412\\db\/plugins/boardmanager/
2023-11-23 13:36:28,225 [INFO] ApiDb:261 - Set plugin images path to: C:\ST\STM32CubeIDE_1.13.2\STM32CubeIDE\plugins\com.st.stm32cube.common.mx_6.9.2.202309101412\\db\/plugins/mcufinder/images/
2023-11-23 13:36:28,225 [WARN] DbFile:41 - Overriding database path with different value: C:\Users\Natalya\.stmcufinder\plugins\mcufinder/ => C:\Users\Natalya\.stmcufinder\plugins\mcufinder
2023-11-23 13:36:28,225 [INFO] ApiDb:250 - Set database path to: C:\Users\Natalya\.stmcufinder\plugins\mcufinder//mcu/
2023-11-23 13:36:28,225 [WARN] DbFile:41 - Overriding database path with different value: C:\Users\Natalya\.stmcufinder\plugins\mcufinder/ => C:\Users\Natalya\.stmcufinder\plugins\mcufinder
2023-11-23 13:36:28,225 [INFO] DbMcusAds:125 - Set database path to: C:\Users\Natalya\.stmcufinder\plugins\mcufinder//mcu/
2023-11-23 13:36:28,225 [WARN] DbFile:41 - Overriding database path with different value: C:\Users\Natalya\.stmcufinder\plugins\mcufinder/ => C:\Users\Natalya\.stmcufinder\plugins\mcufinder
2023-11-23 13:36:28,225 [WARN] DbFile:41 - Overriding database path with different value: C:\Users\Natalya\.stmcufinder\plugins\mcufinder/ => C:\Users\Natalya\.stmcufinder\plugins\mcufinder
2023-11-23 13:36:28,225 [INFO] CrossReferenceDbSqlite:203 - Set database path to: C:\Users\Natalya\.stmcufinder\plugins\mcufinder//mcu/cs/
2023-11-23 13:36:28,287 [INFO] MainPanel:262 - HeapMemory: 268435456
2023-11-23 13:36:28,345 [INFO] DbMcusXml:78 - Set database path to: C:\ST\STM32CubeIDE_1.13.2\STM32CubeIDE\plugins\com.st.stm32cube.common.mx_6.9.2.202309101412\\db\/mcu/
2023-11-23 13:36:28,345 [INFO] ApiDb:274 - Set plugin database path to: C:\ST\STM32CubeIDE_1.13.2\STM32CubeIDE\plugins\com.st.stm32cube.common.mx_6.9.2.202309101412\\db\/plugins/boardmanager/
2023-11-23 13:36:28,345 [INFO] ApiDb:261 - Set plugin images path to: C:\ST\STM32CubeIDE_1.13.2\STM32CubeIDE\plugins\com.st.stm32cube.common.mx_6.9.2.202309101412\\db\/plugins/mcufinder/images/
2023-11-23 13:36:28,345 [WARN] DbFile:41 - Overriding database path with different value: C:\Users\Natalya\.stmcufinder\plugins\mcufinder/ => C:\Users\Natalya\.stmcufinder\plugins\mcufinder
2023-11-23 13:36:28,345 [INFO] ApiDb:250 - Set database path to: C:\Users\Natalya\.stmcufinder\plugins\mcufinder//mcu/
2023-11-23 13:36:28,346 [WARN] DbFile:41 - Overriding database path with different value: C:\Users\Natalya\.stmcufinder\plugins\mcufinder/ => C:\Users\Natalya\.stmcufinder\plugins\mcufinder
2023-11-23 13:36:28,346 [INFO] DbMcusAds:125 - Set database path to: C:\Users\Natalya\.stmcufinder\plugins\mcufinder//mcu/
2023-11-23 13:36:28,346 [WARN] DbFile:41 - Overriding database path with different value: C:\Users\Natalya\.stmcufinder\plugins\mcufinder/ => C:\Users\Natalya\.stmcufinder\plugins\mcufinder
2023-11-23 13:36:28,346 [WARN] DbFile:41 - Overriding database path with different value: C:\Users\Natalya\.stmcufinder\plugins\mcufinder/ => C:\Users\Natalya\.stmcufinder\plugins\mcufinder
2023-11-23 13:36:28,346 [INFO] CrossReferenceDbSqlite:203 - Set database path to: C:\Users\Natalya\.stmcufinder\plugins\mcufinder//mcu/cs/
2023-11-23 13:36:28,359 [INFO] ApplicationProperties:184 - Using Application install path: C:\ST\STM32CubeIDE_1.13.2\STM32CubeIDE\plugins\com.st.stm32cube.common.mx_6.9.2.202309101412
2023-11-23 13:36:28,360 [INFO] PluginManage:196 - Search for loadable plugins [exclusion list=, ]
2023-11-23 13:36:28,361 [INFO] PluginManage:310 - Check plugin analytics
2023-11-23 13:36:28,524 [INFO] AnalyticsPlugin:253 - Accepted Software Licenses: 
2023-11-23 13:36:28,524 [INFO] AnalyticsPlugin:255 - Accepted CMSIS Pack Licenses: 
2023-11-23 13:36:28,524 [INFO] AnalyticsPlugin:257 - Accepted Firmware Licenses: FW.F4.1.27.0
2023-11-23 13:36:28,527 [INFO] PluginManage:359 - Loaded plugin analytics (category:tool,tabindex:-1)
2023-11-23 13:36:28,528 [INFO] PluginManage:310 - Check plugin cadmodel
2023-11-23 13:36:28,533 [INFO] CADModel:105 - Init CAD model plugin
2023-11-23 13:36:28,533 [INFO] PluginManage:359 - Loaded plugin cadmodel (category:power,tabindex:5)
2023-11-23 13:36:28,533 [INFO] PluginManage:310 - Check plugin clock
2023-11-23 13:36:28,545 [INFO] PluginManage:359 - Loaded plugin clock (category:base,tabindex:2)
2023-11-23 13:36:28,545 [INFO] PluginManage:310 - Check plugin ddr
2023-11-23 13:36:28,548 [INFO] PluginManage:359 - Loaded plugin ddr (category:tool,tabindex:6)
2023-11-23 13:36:28,548 [INFO] PluginManage:310 - Check plugin filemanager
2023-11-23 13:36:28,670 [INFO] PluginManage:359 - Loaded plugin filemanager (category:base,tabindex:10)
2023-11-23 13:36:28,671 [INFO] PluginManage:310 - Check plugin ipmanager
2023-11-23 13:36:28,679 [INFO] PluginManage:359 - Loaded plugin ipmanager (category:base,tabindex:5)
2023-11-23 13:36:28,679 [INFO] PluginManage:310 - Check plugin lpbam
2023-11-23 13:36:28,689 [INFO] PluginManage:359 - Loaded plugin lpbam (category:base,tabindex:0)
2023-11-23 13:36:28,689 [INFO] PluginManage:310 - Check plugin memorymap
2023-11-23 13:36:28,698 [INFO] PluginManage:359 - Loaded plugin memorymap (category:base,tabindex:4)
2023-11-23 13:36:28,699 [INFO] PluginManage:310 - Check plugin pinoutandconfiguration
2023-11-23 13:36:28,706 [INFO] PluginManage:359 - Loaded plugin pinoutandconfiguration (category:base,tabindex:1)
2023-11-23 13:36:28,706 [INFO] PluginManage:310 - Check plugin pinoutconfig
2023-11-23 13:36:28,789 [WARN] SupportedApi:132 - Cannot load RTOS API schema: s4s-elt-must-match.1: The content of 'definitions' must match (annotation?, (simpleType | complexType)?, (unique | key | keyref)*)). A problem was found starting at: attribute.
2023-11-23 13:36:28,912 [INFO] PluginManage:359 - Loaded plugin pinoutconfig (category:base,tabindex:0)
2023-11-23 13:36:28,912 [INFO] PluginManage:310 - Check plugin power
2023-11-23 13:36:28,920 [INFO] PluginManage:359 - Loaded plugin power (category:power,tabindex:4)
2023-11-23 13:36:28,920 [INFO] PluginManage:310 - Check plugin projectmanager
2023-11-23 13:36:28,932 [INFO] PluginManage:359 - Loaded plugin projectmanager (category:projectmanager,tabindex:3)
2023-11-23 13:36:28,932 [INFO] PluginManage:310 - Check plugin thirdparty
2023-11-23 13:36:29,031 [INFO] PluginManage:359 - Loaded plugin thirdparty (category:base,tabindex:-1)
2023-11-23 13:36:29,031 [WARN] IntegrityCheckThread:84 - waiting for thirdparty lock release [integrity check]
2023-11-23 13:36:29,031 [INFO] IntegrityCheckThread:86 - entering critical section [integrity check]
2023-11-23 13:36:29,031 [INFO] PluginManage:310 - Check plugin tools
2023-11-23 13:36:29,031 [INFO] ThirdPartyUpdaterWithRetryManager:70 - Updater plugin not ready yet. [1/15]
2023-11-23 13:36:29,033 [INFO] PluginManage:359 - Loaded plugin tools (category:base,tabindex:7)
2023-11-23 13:36:29,034 [INFO] PluginManage:310 - Check plugin tutovideos
2023-11-23 13:36:29,203 [INFO] PluginManage:359 - Loaded plugin tutovideos (category:base,tabindex:-1)
2023-11-23 13:36:29,203 [INFO] PluginManage:310 - Check plugin updater
2023-11-23 13:36:29,212 [INFO] PluginManage:359 - Loaded plugin updater (category:base,tabindex:12)
2023-11-23 13:36:29,212 [INFO] PluginManage:310 - Check plugin userauth
2023-11-23 13:36:29,217 [INFO] UserAuth:113 - Init User Auth plugin
2023-11-23 13:36:29,217 [INFO] PluginManage:359 - Loaded plugin userauth (category:base,tabindex:14)
2023-11-23 13:36:29,218 [INFO] PluginManage:283 - PluginManage : Loaded plugins [17]
2023-11-23 13:36:29,383 [INFO] PinOutPanel:1499 - setPackage(No Configuration,No Configuration)
2023-11-23 13:36:29,471 [INFO] CADModel:165 - CPN selected for project level
2023-11-23 13:36:29,471 [INFO] CADModel:114 - Register for checkConnection events
2023-11-23 13:36:29,483 [INFO] IPUIPlugin:80 - create IPUIPlugin
2023-11-23 13:36:29,483 [INFO] PluginManager:220 - loadIPPluginJar : add adc
2023-11-23 13:36:29,485 [INFO] IPUIPlugin:80 - create IPUIPlugin
2023-11-23 13:36:29,486 [INFO] PluginManager:220 - loadIPPluginJar : add aes
2023-11-23 13:36:29,488 [INFO] IPUIPlugin:80 - create IPUIPlugin
2023-11-23 13:36:29,488 [INFO] PluginManager:220 - loadIPPluginJar : add can
2023-11-23 13:36:29,489 [INFO] IPUIPlugin:80 - create IPUIPlugin
2023-11-23 13:36:29,490 [INFO] PluginManager:220 - loadIPPluginJar : add comp
2023-11-23 13:36:29,491 [INFO] IPUIPlugin:80 - create IPUIPlugin
2023-11-23 13:36:29,492 [INFO] PluginManager:220 - loadIPPluginJar : add cryp
2023-11-23 13:36:29,493 [INFO] IPUIPlugin:80 - create IPUIPlugin
2023-11-23 13:36:29,493 [INFO] PluginManager:220 - loadIPPluginJar : add dfsdm
2023-11-23 13:36:29,497 [INFO] IPUIPlugin:80 - create IPUIPlugin
2023-11-23 13:36:29,498 [INFO] PluginManager:220 - loadIPPluginJar : add dma
2023-11-23 13:36:29,501 [INFO] IPUIPlugin:80 - create IPUIPlugin
2023-11-23 13:36:29,501 [INFO] PluginManager:220 - loadIPPluginJar : add dma3
2023-11-23 13:36:29,502 [INFO] IPUIPlugin:80 - create IPUIPlugin
2023-11-23 13:36:29,502 [INFO] PluginManager:220 - loadIPPluginJar : add fatfs
2023-11-23 13:36:29,507 [INFO] IPUIPlugin:80 - create IPUIPlugin
2023-11-23 13:36:29,507 [INFO] PluginManager:220 - loadIPPluginJar : add fmc
2023-11-23 13:36:29,515 [INFO] IPUIPlugin:80 - create IPUIPlugin
2023-11-23 13:36:29,515 [INFO] PluginManager:220 - loadIPPluginJar : add freertos
2023-11-23 13:36:29,517 [INFO] IPUIPlugin:80 - create IPUIPlugin
2023-11-23 13:36:29,517 [INFO] PluginManager:220 - loadIPPluginJar : add genericplugin
2023-11-23 13:36:29,520 [INFO] IPUIPlugin:80 - create IPUIPlugin
2023-11-23 13:36:29,520 [INFO] PluginManager:220 - loadIPPluginJar : add gfxmmu
2023-11-23 13:36:29,525 [INFO] IPUIPlugin:80 - create IPUIPlugin
2023-11-23 13:36:29,525 [INFO] PluginManager:220 - loadIPPluginJar : add gic
2023-11-23 13:36:29,529 [INFO] IPUIPlugin:80 - create IPUIPlugin
2023-11-23 13:36:29,529 [INFO] PluginManager:220 - loadIPPluginJar : add gpio
2023-11-23 13:36:29,532 [INFO] IPUIPlugin:80 - create IPUIPlugin
2023-11-23 13:36:29,533 [INFO] PluginManager:220 - loadIPPluginJar : add gtzc
2023-11-23 13:36:29,535 [INFO] IPUIPlugin:80 - create IPUIPlugin
2023-11-23 13:36:29,535 [INFO] PluginManager:220 - loadIPPluginJar : add hash
2023-11-23 13:36:29,537 [INFO] IPUIPlugin:80 - create IPUIPlugin
2023-11-23 13:36:29,538 [INFO] PluginManager:220 - loadIPPluginJar : add i2c
2023-11-23 13:36:29,540 [INFO] IPUIPlugin:80 - create IPUIPlugin
2023-11-23 13:36:29,540 [INFO] PluginManager:220 - loadIPPluginJar : add i2s
2023-11-23 13:36:29,543 [INFO] IPUIPlugin:80 - create IPUIPlugin
2023-11-23 13:36:29,543 [INFO] PluginManager:220 - loadIPPluginJar : add i3c
2023-11-23 13:36:29,546 [INFO] IPUIPlugin:80 - create IPUIPlugin
2023-11-23 13:36:29,546 [INFO] PluginManager:220 - loadIPPluginJar : add ipddr
2023-11-23 13:36:29,554 [INFO] IPUIPlugin:80 - create IPUIPlugin
2023-11-23 13:36:29,555 [INFO] PluginManager:220 - loadIPPluginJar : add linkedlist
2023-11-23 13:36:29,558 [INFO] IPUIPlugin:80 - create IPUIPlugin
2023-11-23 13:36:29,558 [INFO] PluginManager:220 - loadIPPluginJar : add lorawan
2023-11-23 13:36:29,559 [INFO] IPUIPlugin:80 - create IPUIPlugin
2023-11-23 13:36:29,560 [INFO] PluginManager:220 - loadIPPluginJar : add ltdc
2023-11-23 13:36:29,565 [INFO] IPUIPlugin:80 - create IPUIPlugin
2023-11-23 13:36:29,565 [INFO] PluginManager:220 - loadIPPluginJar : add mdma
2023-11-23 13:36:29,569 [INFO] IPUIPlugin:80 - create IPUIPlugin
2023-11-23 13:36:29,569 [INFO] PluginManager:220 - loadIPPluginJar : add nvic
2023-11-23 13:36:29,573 [INFO] IPUIPlugin:80 - create IPUIPlugin
2023-11-23 13:36:29,573 [INFO] PluginManager:220 - loadIPPluginJar : add opamp
2023-11-23 13:36:29,575 [INFO] IPUIPlugin:80 - create IPUIPlugin
2023-11-23 13:36:29,576 [INFO] PluginManager:220 - loadIPPluginJar : add openamp
2023-11-23 13:36:29,579 [INFO] IPUIPlugin:80 - create IPUIPlugin
2023-11-23 13:36:29,579 [INFO] PluginManager:220 - loadIPPluginJar : add pdm2pcm
2023-11-23 13:36:29,586 [INFO] IPUIPlugin:80 - create IPUIPlugin
2023-11-23 13:36:29,589 [INFO] PluginManager:220 - loadIPPluginJar : add plateformsettings
2023-11-23 13:36:29,590 [INFO] IPUIPlugin:80 - create IPUIPlugin
2023-11-23 13:36:29,590 [INFO] PluginManager:220 - loadIPPluginJar : add quadspi
2023-11-23 13:36:29,593 [INFO] IPUIPlugin:80 - create IPUIPlugin
2023-11-23 13:36:29,593 [INFO] PluginManager:220 - loadIPPluginJar : add resmgrutility
2023-11-23 13:36:29,596 [INFO] IPUIPlugin:80 - create IPUIPlugin
2023-11-23 13:36:29,596 [INFO] PluginManager:220 - loadIPPluginJar : add sai
2023-11-23 13:36:29,598 [INFO] IPUIPlugin:80 - create IPUIPlugin
2023-11-23 13:36:29,598 [INFO] PluginManager:220 - loadIPPluginJar : add spi
2023-11-23 13:36:29,603 [INFO] IPUIPlugin:80 - create IPUIPlugin
2023-11-23 13:36:29,603 [INFO] PluginManager:220 - loadIPPluginJar : add stm32_wpan
2023-11-23 13:36:29,605 [INFO] IPUIPlugin:80 - create IPUIPlugin
2023-11-23 13:36:29,606 [INFO] PluginManager:220 - loadIPPluginJar : add tim
2023-11-23 13:36:29,609 [INFO] IPUIPlugin:80 - create IPUIPlugin
2023-11-23 13:36:29,610 [INFO] PluginManager:220 - loadIPPluginJar : add touchsensing
2023-11-23 13:36:29,613 [INFO] IPUIPlugin:80 - create IPUIPlugin
2023-11-23 13:36:29,613 [INFO] PluginManager:220 - loadIPPluginJar : add tracer_emb
2023-11-23 13:36:29,615 [INFO] IPUIPlugin:80 - create IPUIPlugin
2023-11-23 13:36:29,615 [INFO] PluginManager:220 - loadIPPluginJar : add ts
2023-11-23 13:36:29,616 [INFO] IPUIPlugin:80 - create IPUIPlugin
2023-11-23 13:36:29,617 [INFO] PluginManager:220 - loadIPPluginJar : add tsc
2023-11-23 13:36:29,618 [INFO] IPUIPlugin:80 - create IPUIPlugin
2023-11-23 13:36:29,619 [INFO] PluginManager:220 - loadIPPluginJar : add ucpd
2023-11-23 13:36:29,621 [INFO] IPUIPlugin:80 - create IPUIPlugin
2023-11-23 13:36:29,621 [INFO] PluginManager:220 - loadIPPluginJar : add usart
2023-11-23 13:36:29,624 [INFO] IPUIPlugin:80 - create IPUIPlugin
2023-11-23 13:36:29,624 [INFO] PluginManager:220 - loadIPPluginJar : add usbx
2023-11-23 13:36:29,748 [INFO] CADModel:165 - CPN selected for project level
2023-11-23 13:36:29,748 [INFO] CADModel:114 - Register for checkConnection events
2023-11-23 13:36:29,749 [FATAL] Updater:308 - Updater called before beeing initialized
2023-11-23 13:36:29,749 [ERROR] CADModel:125 - Updater not yet initialized, retry later 
2023-11-23 13:36:29,856 [INFO] CADModel:165 - CPN selected for project level
2023-11-23 13:36:29,857 [INFO] CADModel:114 - Register for checkConnection events
2023-11-23 13:36:29,857 [FATAL] Updater:308 - Updater called before beeing initialized
2023-11-23 13:36:29,857 [ERROR] CADModel:125 - Updater not yet initialized, retry later 
2023-11-23 13:36:29,860 [FATAL] Updater:308 - Updater called before beeing initialized
2023-11-23 13:36:29,948 [FATAL] Updater:308 - Updater called before beeing initialized
2023-11-23 13:36:29,952 [INFO] DbMcusAds:53 - JSON generation date=Tue Mar 07 10:50:55 EET 2023 (1678179055114)
2023-11-23 13:36:29,953 [FATAL] Updater:308 - Updater called before beeing initialized
2023-11-23 13:36:29,982 [WARN] DetailPanel:346 - Failed to get advertising image, set to default
2023-11-23 13:36:30,070 [FATAL] Updater:308 - Updater called before beeing initialized
2023-11-23 13:36:30,071 [FATAL] Updater:308 - Updater called before beeing initialized
2023-11-23 13:36:30,071 [FATAL] Updater:308 - Updater called before beeing initialized
2023-11-23 13:36:30,071 [WARN] DetailPanel:346 - Failed to get advertising image, set to default
2023-11-23 13:36:30,072 [FATAL] Updater:308 - Updater called before beeing initialized
2023-11-23 13:36:30,107 [ERROR] Updater:1120 - MainUpdater not yet initialized. External WinMGr cannot be set.
2023-11-23 13:36:30,109 [INFO] Updater:1056 - Updater Version found : 6.9.2
2023-11-23 13:36:30,123 [INFO] ApplicationProperties:184 - Using Application install path: C:\ST\STM32CubeIDE_1.13.2\STM32CubeIDE\plugins\com.st.stm32cube.common.mx_6.9.2.202309101412
2023-11-23 13:36:30,310 [INFO] MainUpdater:2868 - connection check result : 10
2023-11-23 13:36:30,310 [INFO] MainUpdater:285 - Updater Check For Update Now.
2023-11-23 13:36:30,311 [INFO] MicroXplorer:498 - Change Database Version : DB.6.0.92
2023-11-23 13:36:30,316 [INFO] McuFinderGlobals:63 - Set McuFinder mode to 2 (CubeIDE integrated)
2023-11-23 13:36:30,317 [INFO] UserAuth:179 - activating auth plugin
2023-11-23 13:36:30,318 [INFO] UserAuth:393 - Internet connection configuration mode: 1
2023-11-23 13:36:30,331 [INFO] JxBrowserEngine:151 - Initiate JxBrowser Engine with user profile folder
2023-11-23 13:36:30,483 [INFO] CheckServerUpdateThread:120 - End of CheckServer Thread
2023-11-23 13:36:30,874 [INFO] WebApp:157 - Instantiating new browser for Auth
2023-11-23 13:36:31,278 [INFO] WebApp:753 - Register for checkConnection events
2023-11-23 13:36:31,278 [INFO] WebApp:390 - Apply proxy settings
2023-11-23 13:36:31,278 [INFO] WebApp:475 - Chromium requires no authentication
2023-11-23 13:36:31,283 [INFO] WebApp:418 - Direct internet connection detected
2023-11-23 13:36:31,393 [INFO] WebApp:188 - Starting web application
2023-11-23 13:36:31,393 [INFO] WebApp:520 - Web application path used C:\ST\STM32CubeIDE_1.13.2\STM32CubeIDE\plugins\com.st.stm32cube.common.mx_6.9.2.202309101412\db\plugins\mcufinder\reactClient1\index.html
2023-11-23 13:36:32,215 [WARN] PackLoader:240 - Cannot read IP mode file for STMicroelectronics.X-CUBE-SMBUS.2.1.0
2023-11-23 13:36:32,267 [WARN] PackLoader:240 - Cannot read IP mode file for STMicroelectronics.X-CUBE-AZRTOS-F7.1.1.0
2023-11-23 13:36:32,284 [WARN] PackLoader:240 - Cannot read IP mode file for STMicroelectronics.FP-SNS-MOTENV1.4.3.2
2023-11-23 13:36:32,294 [WARN] PackLoader:240 - Cannot read IP mode file for STMicroelectronics.FP-SNS-FLIGHT1.5.0.2
2023-11-23 13:36:32,307 [WARN] PackLoader:240 - Cannot read IP mode file for STMicroelectronics.X-CUBE-DISPLAY.3.0.0
2023-11-23 13:36:32,337 [WARN] PackLoader:240 - Cannot read IP mode file for STMicroelectronics.X-CUBE-BLE1.7.0.0
2023-11-23 13:36:32,348 [WARN] PackLoader:240 - Cannot read IP mode file for emotas.I-CUBE-CANOPEN.1.3.0
2023-11-23 13:36:32,362 [WARN] PackLoader:240 - Cannot read IP mode file for STMicroelectronics.X-CUBE-TOUCHGFX.4.22.1
2023-11-23 13:36:32,369 [WARN] PackLoader:240 - Cannot read IP mode file for STMicroelectronics.FP-SNS-SMARTAG2.1.2.0
2023-11-23 13:36:32,383 [INFO] LogOutputStream:77 - [STDOUT_REDIRECT] 1 : Invalid condition id : UX_CORESTACK_Condition cause : null
2023-11-23 13:36:32,384 [INFO] LogOutputStream:77 - [STDOUT_REDIRECT] 1 : Invalid condition id : UX_CORESTACK_Condition cause : null
2023-11-23 13:36:32,386 [INFO] LogOutputStream:77 - [STDOUT_REDIRECT] 1 : Invalid condition id : UX_CORESTACK_Condition cause : null
2023-11-23 13:36:32,388 [INFO] LogOutputStream:77 - [STDOUT_REDIRECT] 1 : Invalid condition id : UX_CORESTACK_Condition cause : null
2023-11-23 13:36:32,389 [INFO] LogOutputStream:77 - [STDOUT_REDIRECT] 1 : Invalid condition id : UX_CORESTACK_Condition cause : null
2023-11-23 13:36:32,395 [WARN] PackLoader:240 - Cannot read IP mode file for STMicroelectronics.X-CUBE-AZRTOS-WL.2.0.0
2023-11-23 13:36:32,407 [WARN] PackLoader:240 - Cannot read IP mode file for WES.I-CUBE-Cesium.1.3.0
2023-11-23 13:36:32,413 [WARN] PackLoader:240 - Cannot read IP mode file for STMicroelectronics.X-CUBE-BLE2.3.3.0
2023-11-23 13:36:32,421 [WARN] PackLoader:240 - Cannot read IP mode file for STMicroelectronics.X-CUBE-ALGOBUILD.1.3.0
2023-11-23 13:36:32,443 [WARN] PackLoader:240 - Cannot read IP mode file for STMicroelectronics.X-CUBE-AZRTOS-G0.1.1.0
2023-11-23 13:36:32,451 [WARN] PackLoader:240 - Cannot read IP mode file for STMicroelectronics.X-CUBE-NFC4.3.0.0
2023-11-23 13:36:32,464 [WARN] PackLoader:240 - Cannot read IP mode file for STMicroelectronics.X-CUBE-BLEMGR.3.0.0
2023-11-23 13:36:32,471 [WARN] PackLoader:240 - Cannot read IP mode file for STMicroelectronics.FP-ATR-SIGFOX1.3.2.0
2023-11-23 13:36:32,502 [WARN] PackLoader:240 - Cannot read IP mode file for SEGGER.I-CUBE-embOS.1.3.1
2023-11-23 13:36:32,538 [WARN] PackLoader:240 - Cannot read IP mode file for STMicroelectronics.X-CUBE-GNSS1.6.0.0
2023-11-23 13:36:32,554 [WARN] PackLoader:240 - Cannot read IP mode file for STMicroelectronics.X-CUBE-AZRTOS-F4.1.1.0
2023-11-23 13:36:32,562 [WARN] PackLoader:240 - Cannot read IP mode file for wolfSSL.I-CUBE-wolfSSL.5.6.3
2023-11-23 13:36:32,582 [WARN] PackLoader:240 - Cannot read IP mode file for STMicroelectronics.X-CUBE-AZRTOS-L5.2.0.0
2023-11-23 13:36:32,625 [WARN] PackLoader:240 - Cannot read IP mode file for STMicroelectronics.X-CUBE-MEMS1.9.6.0
2023-11-23 13:36:32,800 [WARN] PackLoader:240 - Cannot read IP mode file for STMicroelectronics.X-CUBE-EEPRMA1.4.2.0
2023-11-23 13:36:32,807 [WARN] PackLoader:240 - Cannot read IP mode file for ITTIA_DB.I-CUBE-ITTIADB.8.8.0
2023-11-23 13:36:32,815 [WARN] PackLoader:240 - Cannot read IP mode file for STMicroelectronics.X-CUBE-BLEMGR.2.0.0
2023-11-23 13:36:32,838 [WARN] ConditionMgr:438 - getConditionDescription Invalid condition id : UX DEVICE CLASS RTOS Condition cause : null
2023-11-23 13:36:32,839 [WARN] ConditionMgr:438 - getConditionDescription Invalid condition id : UX DEVICE CLASS RTOS Condition cause : null
2023-11-23 13:36:32,845 [WARN] PackLoader:240 - Cannot read IP mode file for STMicroelectronics.X-CUBE-AZRTOS-H7.3.1.0
2023-11-23 13:36:32,846 [WARN] ConditionMgr:1039 - genDependencies : Invalid condition id : UX DEVICE CLASS RTOS Condition cause : null
2023-11-23 13:36:32,847 [WARN] ConditionMgr:1039 - genDependencies : Invalid condition id : UX DEVICE CLASS RTOS Condition cause : null
2023-11-23 13:36:32,848 [WARN] ConditionMgr:1039 - genDependencies : Invalid condition id : UX DEVICE CLASS RTOS Condition cause : null
2023-11-23 13:36:32,849 [WARN] ConditionMgr:1039 - genDependencies : Invalid condition id : UX DEVICE CLASS RTOS Condition cause : null
2023-11-23 13:36:32,849 [WARN] ConditionMgr:1039 - genDependencies : Invalid condition id : UX DEVICE CLASS RTOS Condition cause : null
2023-11-23 13:36:32,856 [WARN] PackLoader:240 - Cannot read IP mode file for STMicroelectronics.X-CUBE-NFC7.1.0.1
2023-11-23 13:36:32,864 [WARN] PackLoader:240 - Cannot read IP mode file for STMicroelectronics.X-CUBE-NFC6.3.0.0
2023-11-23 13:36:32,871 [WARN] PackLoader:240 - Cannot read IP mode file for STMicroelectronics.X-CUBE-EEPRMA1.4.1.0
2023-11-23 13:36:32,877 [WARN] PackLoader:240 - Cannot read IP mode file for STMicroelectronics.X-CUBE-AI.8.1.0
2023-11-23 13:36:32,898 [WARN] ConditionMgr:438 - getConditionDescription Invalid condition id : LAN8742 Phy interface Condition cause : null
2023-11-23 13:36:32,899 [WARN] PackLoader:240 - Cannot read IP mode file for STMicroelectronics.X-CUBE-AZRTOS-L4.2.0.0
2023-11-23 13:36:32,901 [WARN] ConditionMgr:1039 - genDependencies : Invalid condition id : LAN8742 Phy interface Condition cause : null
2023-11-23 13:36:32,902 [WARN] ConditionMgr:1039 - genDependencies : Invalid condition id : LAN8742 Phy interface Condition cause : null
2023-11-23 13:36:32,903 [WARN] ConditionMgr:1039 - genDependencies : Invalid condition id : LAN8742 Phy interface Condition cause : null
2023-11-23 13:36:32,911 [WARN] PackLoader:240 - Cannot read IP mode file for STMicroelectronics.X-CUBE-SFXS2LP1.4.0.0
2023-11-23 13:36:32,916 [WARN] PackLoader:240 - Cannot read IP mode file for STMicroelectronics.X-CUBE-ISPU.1.1.0
2023-11-23 13:36:32,930 [WARN] ConditionMgr:438 - getConditionDescription Invalid condition id : UX DEVICE CLASS RTOS Condition cause : null
2023-11-23 13:36:32,930 [WARN] ConditionMgr:438 - getConditionDescription Invalid condition id : UX DEVICE CLASS RTOS Condition cause : null
2023-11-23 13:36:32,932 [WARN] PackLoader:240 - Cannot read IP mode file for STMicroelectronics.X-CUBE-AZRTOS-WB.2.0.0
2023-11-23 13:36:32,933 [WARN] ConditionMgr:1039 - genDependencies : Invalid condition id : UX DEVICE CLASS RTOS Condition cause : null
2023-11-23 13:36:32,933 [WARN] ConditionMgr:1039 - genDependencies : Invalid condition id : UX DEVICE CLASS RTOS Condition cause : null
2023-11-23 13:36:32,933 [WARN] ConditionMgr:1039 - genDependencies : Invalid condition id : UX DEVICE CLASS RTOS Condition cause : null
2023-11-23 13:36:32,934 [WARN] ConditionMgr:1039 - genDependencies : Invalid condition id : UX DEVICE CLASS RTOS Condition cause : null
2023-11-23 13:36:32,934 [WARN] ConditionMgr:1039 - genDependencies : Invalid condition id : UX DEVICE CLASS RTOS Condition cause : null
2023-11-23 13:36:32,946 [WARN] PackLoader:240 - Cannot read IP mode file for STMicroelectronics.X-CUBE-SUBG2.5.0.0
2023-11-23 13:36:32,963 [WARN] PackLoader:240 - Cannot read IP mode file for STMicroelectronics.X-CUBE-TOF1.3.3.1
2023-11-23 13:36:32,993 [WARN] PackLoader:240 - Cannot read IP mode file for STMicroelectronics.X-CUBE-AZRTOS-G4.2.0.0
2023-11-23 13:36:33,009 [WARN] PackLoader:240 - Cannot read IP mode file for Infineon.AIROC-Wi-Fi-Bluetooth-STM32.1.5.1
2023-11-23 13:36:33,016 [WARN] PackLoader:240 - Cannot read IP mode file for STMicroelectronics.FP-SNS-MOTENVWB1.1.3.0
2023-11-23 13:36:33,051 [WARN] PackLoader:240 - Cannot read IP mode file for STMicroelectronics.X-CUBE-MEMS1.10.0.0
2023-11-23 13:36:33,159 [WARN] PackLoader:240 - Cannot read IP mode file for STMicroelectronics.X-CUBE-FREERTOS.1.1.0
2023-11-23 13:36:33,164 [WARN] PackLoader:240 - Cannot read IP mode file for portGmbH.I-Cube-SoM-uGOAL.1.1.0
2023-11-23 13:36:33,168 [WARN] PackLoader:240 - Cannot read IP mode file for STMicroelectronics.X-CUBE-ALS.1.0.1
2023-11-23 13:36:33,173 [WARN] PackLoader:240 - Cannot read IP mode file for STMicroelectronics.FP-ATR-ASTRA1.2.0.0
2023-11-23 13:36:33,182 [WARN] PackLoader:240 - Cannot read IP mode file for STMicroelectronics.X-CUBE-TOF1.3.4.0
2023-11-23 13:36:33,193 [INFO] ThirdParty:978 - Integrity check success = true
2023-11-23 13:36:33,193 [INFO] IntegrityCheckThread:100 - exiting critical section [integrity check]
2023-11-23 13:36:33,193 [INFO] IntegrityCheckThread:103 - End integrity checks thread
2023-11-23 13:36:51,933 [ERROR] LogOutputStream:75 - [STDERR_REDIRECT] SLF4J: Failed to load class "org.slf4j.impl.StaticLoggerBinder".
2023-11-23 13:36:51,933 [ERROR] LogOutputStream:75 - [STDERR_REDIRECT] SLF4J: Defaulting to no-operation (NOP) logger implementation
2023-11-23 13:36:51,934 [ERROR] LogOutputStream:75 - [STDERR_REDIRECT] SLF4J: See http://www.slf4j.org/codes.html#StaticLoggerBinder for further details.
2023-11-23 13:37:00,202 [INFO] LogOutputStream:77 - [STDOUT_REDIRECT] Unexpected error loading extension: org.eclipse.equinox.p2.metadata.repository.compositeRepository
2023-11-23 13:37:00,204 [ERROR] LogOutputStream:75 - [STDERR_REDIRECT] java.lang.IllegalStateException: bundle org.eclipse.equinox.p2.repositoryis not started
2023-11-23 13:37:00,205 [ERROR] LogOutputStream:75 - [STDERR_REDIRECT] 	at org.eclipse.equinox.internal.p2.repository.Activator.getContext(Activator.java:65)
2023-11-23 13:37:00,207 [ERROR] LogOutputStream:75 - [STDERR_REDIRECT] 	at org.eclipse.equinox.internal.p2.repository.helpers.AbstractRepositoryManager.restoreFromSystemProperty(AbstractRepositoryManager.java:1013)
2023-11-23 13:37:00,209 [ERROR] LogOutputStream:75 - [STDERR_REDIRECT] 	at org.eclipse.equinox.internal.p2.repository.helpers.AbstractRepositoryManager.restoreRepositories(AbstractRepositoryManager.java:1033)
2023-11-23 13:37:00,211 [ERROR] LogOutputStream:75 - [STDERR_REDIRECT] 	at org.eclipse.equinox.internal.p2.repository.helpers.AbstractRepositoryManager.sortSuffixes(AbstractRepositoryManager.java:1112)
2023-11-23 13:37:00,213 [ERROR] LogOutputStream:75 - [STDERR_REDIRECT] 	at org.eclipse.equinox.internal.p2.repository.helpers.AbstractRepositoryManager.loadRepository(AbstractRepositoryManager.java:676)
2023-11-23 13:37:00,216 [ERROR] LogOutputStream:75 - [STDERR_REDIRECT] 	at org.eclipse.equinox.internal.p2.metadata.repository.MetadataRepositoryManager.loadRepository(MetadataRepositoryManager.java:110)
2023-11-23 13:37:00,218 [ERROR] LogOutputStream:75 - [STDERR_REDIRECT] 	at org.eclipse.equinox.internal.p2.metadata.repository.MetadataRepositoryManager.loadRepository(MetadataRepositoryManager.java:105)
2023-11-23 13:37:00,220 [ERROR] LogOutputStream:75 - [STDERR_REDIRECT] 	at org.eclipse.equinox.internal.p2.metadata.repository.CompositeMetadataRepository.addChild(CompositeMetadataRepository.java:171)
2023-11-23 13:37:00,221 [ERROR] LogOutputStream:75 - [STDERR_REDIRECT] 	at org.eclipse.equinox.internal.p2.metadata.repository.CompositeMetadataRepository.<init>(CompositeMetadataRepository.java:113)
2023-11-23 13:37:00,223 [ERROR] LogOutputStream:75 - [STDERR_REDIRECT] 	at org.eclipse.equinox.internal.p2.metadata.repository.CompositeMetadataRepositoryFactory.load(CompositeMetadataRepositoryFactory.java:124)
2023-11-23 13:37:00,226 [ERROR] LogOutputStream:75 - [STDERR_REDIRECT] 	at org.eclipse.equinox.internal.p2.metadata.repository.MetadataRepositoryManager.factoryLoad(MetadataRepositoryManager.java:63)
2023-11-23 13:37:00,228 [ERROR] LogOutputStream:75 - [STDERR_REDIRECT] 	at org.eclipse.equinox.internal.p2.repository.helpers.AbstractRepositoryManager.loadRepository(AbstractRepositoryManager.java:787)
2023-11-23 13:37:00,230 [ERROR] LogOutputStream:75 - [STDERR_REDIRECT] 	at org.eclipse.equinox.internal.p2.repository.helpers.AbstractRepositoryManager.loadRepository(AbstractRepositoryManager.java:685)
2023-11-23 13:37:00,232 [ERROR] LogOutputStream:75 - [STDERR_REDIRECT] 	at org.eclipse.equinox.internal.p2.metadata.repository.MetadataRepositoryManager.loadRepository(MetadataRepositoryManager.java:110)
2023-11-23 13:37:00,233 [ERROR] LogOutputStream:75 - [STDERR_REDIRECT] 	at org.eclipse.equinox.internal.p2.metadata.repository.MetadataRepositoryManager.loadRepository(MetadataRepositoryManager.java:105)
2023-11-23 13:37:00,235 [ERROR] LogOutputStream:75 - [STDERR_REDIRECT] 	at org.eclipse.equinox.internal.p2.updatechecker.UpdateChecker.getAvailableRepositories(UpdateChecker.java:152)
2023-11-23 13:37:00,237 [ERROR] LogOutputStream:75 - [STDERR_REDIRECT] 	at org.eclipse.equinox.internal.p2.updatechecker.UpdateChecker.checkForUpdates(UpdateChecker.java:130)
2023-11-23 13:37:00,239 [ERROR] LogOutputStream:75 - [STDERR_REDIRECT] 	at org.eclipse.equinox.internal.p2.updatechecker.UpdateChecker$UpdateCheckThread.run(UpdateChecker.java:78)
